/home/wasiq/testing_model/my_robotics_arm1/src/install/python_examples/lib/python3.10/site-packages/python_examples/named_goal.py
/home/wasiq/testing_model/my_robotics_arm1/src/install/python_examples/lib/python3.10/site-packages/python_examples/joint_goal.py
/home/wasiq/testing_model/my_robotics_arm1/src/install/python_examples/lib/python3.10/site-packages/python_examples/pose_goal.py
/home/wasiq/testing_model/my_robotics_arm1/src/install/python_examples/lib/python3.10/site-packages/python_examples/__init__.py
/home/wasiq/testing_model/my_robotics_arm1/src/install/python_examples/lib/python3.10/site-packages/python_examples/__pycache__/named_goal.cpython-310.pyc
/home/wasiq/testing_model/my_robotics_arm1/src/install/python_examples/lib/python3.10/site-packages/python_examples/__pycache__/joint_goal.cpython-310.pyc
/home/wasiq/testing_model/my_robotics_arm1/src/install/python_examples/lib/python3.10/site-packages/python_examples/__pycache__/pose_goal.cpython-310.pyc
/home/wasiq/testing_model/my_robotics_arm1/src/install/python_examples/lib/python3.10/site-packages/python_examples/__pycache__/__init__.cpython-310.pyc
/home/wasiq/testing_model/my_robotics_arm1/src/install/python_examples/share/ament_index/resource_index/packages/python_examples
/home/wasiq/testing_model/my_robotics_arm1/src/install/python_examples/share/python_examples/package.xml
/home/wasiq/testing_model/my_robotics_arm1/src/install/python_examples/share/python_examples/launch/python_examples.launch.py
/home/wasiq/testing_model/my_robotics_arm1/src/install/python_examples/share/python_examples/config/motion_planning_python.yaml
/home/wasiq/testing_model/my_robotics_arm1/src/install/python_examples/lib/python3.10/site-packages/python_examples-0.0.0-py3.10.egg-info/SOURCES.txt
/home/wasiq/testing_model/my_robotics_arm1/src/install/python_examples/lib/python3.10/site-packages/python_examples-0.0.0-py3.10.egg-info/top_level.txt
/home/wasiq/testing_model/my_robotics_arm1/src/install/python_examples/lib/python3.10/site-packages/python_examples-0.0.0-py3.10.egg-info/entry_points.txt
/home/wasiq/testing_model/my_robotics_arm1/src/install/python_examples/lib/python3.10/site-packages/python_examples-0.0.0-py3.10.egg-info/zip-safe
/home/wasiq/testing_model/my_robotics_arm1/src/install/python_examples/lib/python3.10/site-packages/python_examples-0.0.0-py3.10.egg-info/dependency_links.txt
/home/wasiq/testing_model/my_robotics_arm1/src/install/python_examples/lib/python3.10/site-packages/python_examples-0.0.0-py3.10.egg-info/PKG-INFO
/home/wasiq/testing_model/my_robotics_arm1/src/install/python_examples/lib/python3.10/site-packages/python_examples-0.0.0-py3.10.egg-info/requires.txt
/home/wasiq/testing_model/my_robotics_arm1/src/install/python_examples/lib/python_examples/joint_goal
/home/wasiq/testing_model/my_robotics_arm1/src/install/python_examples/lib/python_examples/named_goal
/home/wasiq/testing_model/my_robotics_arm1/src/install/python_examples/lib/python_examples/pose_goal
