running egg_info
creating ../../build/python_examples/python_examples.egg-info
writing ../../build/python_examples/python_examples.egg-info/PKG-INFO
writing dependency_links to ../../build/python_examples/python_examples.egg-info/dependency_links.txt
writing entry points to ../../build/python_examples/python_examples.egg-info/entry_points.txt
writing requirements to ../../build/python_examples/python_examples.egg-info/requires.txt
writing top-level names to ../../build/python_examples/python_examples.egg-info/top_level.txt
writing manifest file '../../build/python_examples/python_examples.egg-info/SOURCES.txt'
reading manifest file '../../build/python_examples/python_examples.egg-info/SOURCES.txt'
writing manifest file '../../build/python_examples/python_examples.egg-info/SOURCES.txt'
running build
running build_py
creating /home/wasiq/testing_model/my_robotics_arm1/src/build/python_examples/build/lib/python_examples
copying python_examples/named_goal.py -> /home/wasiq/testing_model/my_robotics_arm1/src/build/python_examples/build/lib/python_examples
copying python_examples/joint_goal.py -> /home/wasiq/testing_model/my_robotics_arm1/src/build/python_examples/build/lib/python_examples
copying python_examples/pose_goal.py -> /home/wasiq/testing_model/my_robotics_arm1/src/build/python_examples/build/lib/python_examples
copying python_examples/__init__.py -> /home/wasiq/testing_model/my_robotics_arm1/src/build/python_examples/build/lib/python_examples
running install
running install_lib
creating /home/wasiq/testing_model/my_robotics_arm1/src/install/python_examples/lib/python3.10/site-packages/python_examples
copying /home/wasiq/testing_model/my_robotics_arm1/src/build/python_examples/build/lib/python_examples/named_goal.py -> /home/wasiq/testing_model/my_robotics_arm1/src/install/python_examples/lib/python3.10/site-packages/python_examples
copying /home/wasiq/testing_model/my_robotics_arm1/src/build/python_examples/build/lib/python_examples/joint_goal.py -> /home/wasiq/testing_model/my_robotics_arm1/src/install/python_examples/lib/python3.10/site-packages/python_examples
copying /home/wasiq/testing_model/my_robotics_arm1/src/build/python_examples/build/lib/python_examples/pose_goal.py -> /home/wasiq/testing_model/my_robotics_arm1/src/install/python_examples/lib/python3.10/site-packages/python_examples
copying /home/wasiq/testing_model/my_robotics_arm1/src/build/python_examples/build/lib/python_examples/__init__.py -> /home/wasiq/testing_model/my_robotics_arm1/src/install/python_examples/lib/python3.10/site-packages/python_examples
byte-compiling /home/wasiq/testing_model/my_robotics_arm1/src/install/python_examples/lib/python3.10/site-packages/python_examples/named_goal.py to named_goal.cpython-310.pyc
byte-compiling /home/wasiq/testing_model/my_robotics_arm1/src/install/python_examples/lib/python3.10/site-packages/python_examples/joint_goal.py to joint_goal.cpython-310.pyc
byte-compiling /home/wasiq/testing_model/my_robotics_arm1/src/install/python_examples/lib/python3.10/site-packages/python_examples/pose_goal.py to pose_goal.cpython-310.pyc
byte-compiling /home/wasiq/testing_model/my_robotics_arm1/src/install/python_examples/lib/python3.10/site-packages/python_examples/__init__.py to __init__.cpython-310.pyc
running install_data
creating /home/wasiq/testing_model/my_robotics_arm1/src/install/python_examples/share/ament_index/resource_index/packages
copying resource/python_examples -> /home/wasiq/testing_model/my_robotics_arm1/src/install/python_examples/share/ament_index/resource_index/packages
copying package.xml -> /home/wasiq/testing_model/my_robotics_arm1/src/install/python_examples/share/python_examples
creating /home/wasiq/testing_model/my_robotics_arm1/src/install/python_examples/share/python_examples/launch
copying launch/python_examples.launch.py -> /home/wasiq/testing_model/my_robotics_arm1/src/install/python_examples/share/python_examples/launch
creating /home/wasiq/testing_model/my_robotics_arm1/src/install/python_examples/share/python_examples/config
copying config/motion_planning_python.yaml -> /home/wasiq/testing_model/my_robotics_arm1/src/install/python_examples/share/python_examples/config
running install_egg_info
Copying ../../build/python_examples/python_examples.egg-info to /home/wasiq/testing_model/my_robotics_arm1/src/install/python_examples/lib/python3.10/site-packages/python_examples-0.0.0-py3.10.egg-info
running install_scripts
Installing joint_goal script to /home/wasiq/testing_model/my_robotics_arm1/src/install/python_examples/lib/python_examples
Installing named_goal script to /home/wasiq/testing_model/my_robotics_arm1/src/install/python_examples/lib/python_examples
Installing pose_goal script to /home/wasiq/testing_model/my_robotics_arm1/src/install/python_examples/lib/python_examples
writing list of installed files to '/home/wasiq/testing_model/my_robotics_arm1/src/build/python_examples/install.log'
