[0.287s] DEBUG:colcon:Command line arguments: ['/usr/bin/colcon', 'build']
[0.287s] DEBUG:colcon:Parsed command line arguments: Namespace(log_base=None, log_level=None, verb_name='build', build_base='build', install_base='install', merge_install=False, symlink_install=False, test_result_base=None, continue_on_error=False, executor='parallel', parallel_workers=8, event_handlers=None, ignore_user_meta=False, metas=['./colcon.meta'], base_paths=['.'], packages_ignore=None, packages_ignore_regex=None, paths=None, packages_up_to=None, packages_up_to_regex=None, packages_above=None, packages_above_and_dependencies=None, packages_above_depth=None, packages_select_by_dep=None, packages_skip_by_dep=None, packages_skip_up_to=None, packages_select_build_failed=False, packages_skip_build_finished=False, packages_select_test_failures=False, packages_skip_test_passed=False, packages_select=None, packages_skip=None, packages_select_regex=None, packages_skip_regex=None, packages_start=None, packages_end=None, allow_overriding=[], cmake_args=None, cmake_target=None, cmake_target_skip_unavailable=False, cmake_clean_cache=False, cmake_clean_first=False, cmake_force_configure=False, ament_cmake_args=None, catkin_cmake_args=None, catkin_skip_building_tests=False, mixin_files=None, mixin=None, verb_parser=<colcon_mixin.mixin.mixin_argument.MixinArgumentDecorator object at 0x7bb9918fc4c0>, verb_extension=<colcon_core.verb.build.BuildVerb object at 0x7bb9919f9570>, main=<bound method BuildVerb.main of <colcon_core.verb.build.BuildVerb object at 0x7bb9919f9570>>, mixin_verb=('build',))
[0.370s] Level 1:colcon.colcon_core.package_discovery:discover_packages(colcon_meta) check parameters
[0.370s] Level 1:colcon.colcon_core.package_discovery:discover_packages(recursive) check parameters
[0.370s] Level 1:colcon.colcon_core.package_discovery:discover_packages(ignore) check parameters
[0.370s] Level 1:colcon.colcon_core.package_discovery:discover_packages(path) check parameters
[0.370s] Level 1:colcon.colcon_core.package_discovery:discover_packages(colcon_meta) discover
[0.370s] Level 1:colcon.colcon_core.package_discovery:discover_packages(recursive) discover
[0.370s] INFO:colcon.colcon_core.package_discovery:Crawling recursively for packages in '/home/wasiq/testing_model/my_robotics_arm1/src'
[0.371s] Level 1:colcon.colcon_core.package_identification:_identify(.) by extensions ['ignore', 'ignore_ament_install']
[0.371s] Level 1:colcon.colcon_core.package_identification:_identify(.) by extension 'ignore'
[0.371s] Level 1:colcon.colcon_core.package_identification:_identify(.) by extension 'ignore_ament_install'
[0.371s] Level 1:colcon.colcon_core.package_identification:_identify(.) by extensions ['colcon_pkg']
[0.371s] Level 1:colcon.colcon_core.package_identification:_identify(.) by extension 'colcon_pkg'
[0.371s] Level 1:colcon.colcon_core.package_identification:_identify(.) by extensions ['colcon_meta']
[0.371s] Level 1:colcon.colcon_core.package_identification:_identify(.) by extension 'colcon_meta'
[0.371s] Level 1:colcon.colcon_core.package_identification:_identify(.) by extensions ['ros']
[0.371s] Level 1:colcon.colcon_core.package_identification:_identify(.) by extension 'ros'
[0.392s] Level 1:colcon.colcon_core.package_identification:_identify(.) by extensions ['cmake', 'python']
[0.392s] Level 1:colcon.colcon_core.package_identification:_identify(.) by extension 'cmake'
[0.392s] Level 1:colcon.colcon_core.package_identification:_identify(.) by extension 'python'
[0.393s] Level 1:colcon.colcon_core.package_identification:_identify(.) by extensions ['python_setup_py']
[0.393s] Level 1:colcon.colcon_core.package_identification:_identify(.) by extension 'python_setup_py'
[0.393s] Level 1:colcon.colcon_core.package_identification:_identify(build) by extensions ['ignore', 'ignore_ament_install']
[0.393s] Level 1:colcon.colcon_core.package_identification:_identify(build) by extension 'ignore'
[0.393s] Level 1:colcon.colcon_core.package_identification:_identify(build) ignored
[0.393s] Level 1:colcon.colcon_core.package_identification:_identify(fanuc_description) by extensions ['ignore', 'ignore_ament_install']
[0.393s] Level 1:colcon.colcon_core.package_identification:_identify(fanuc_description) by extension 'ignore'
[0.393s] Level 1:colcon.colcon_core.package_identification:_identify(fanuc_description) by extension 'ignore_ament_install'
[0.393s] Level 1:colcon.colcon_core.package_identification:_identify(fanuc_description) by extensions ['colcon_pkg']
[0.393s] Level 1:colcon.colcon_core.package_identification:_identify(fanuc_description) by extension 'colcon_pkg'
[0.393s] Level 1:colcon.colcon_core.package_identification:_identify(fanuc_description) by extensions ['colcon_meta']
[0.393s] Level 1:colcon.colcon_core.package_identification:_identify(fanuc_description) by extension 'colcon_meta'
[0.394s] Level 1:colcon.colcon_core.package_identification:_identify(fanuc_description) by extensions ['ros']
[0.394s] Level 1:colcon.colcon_core.package_identification:_identify(fanuc_description) by extension 'ros'
[0.396s] DEBUG:colcon.colcon_core.package_identification:Package 'fanuc_description' with type 'ros.ament_cmake' and name 'fanuc_description'
[0.397s] Level 1:colcon.colcon_core.package_identification:_identify(fanuc_moveit_config) by extensions ['ignore', 'ignore_ament_install']
[0.397s] Level 1:colcon.colcon_core.package_identification:_identify(fanuc_moveit_config) by extension 'ignore'
[0.397s] Level 1:colcon.colcon_core.package_identification:_identify(fanuc_moveit_config) by extension 'ignore_ament_install'
[0.397s] Level 1:colcon.colcon_core.package_identification:_identify(fanuc_moveit_config) by extensions ['colcon_pkg']
[0.397s] Level 1:colcon.colcon_core.package_identification:_identify(fanuc_moveit_config) by extension 'colcon_pkg'
[0.397s] Level 1:colcon.colcon_core.package_identification:_identify(fanuc_moveit_config) by extensions ['colcon_meta']
[0.397s] Level 1:colcon.colcon_core.package_identification:_identify(fanuc_moveit_config) by extension 'colcon_meta'
[0.397s] Level 1:colcon.colcon_core.package_identification:_identify(fanuc_moveit_config) by extensions ['ros']
[0.397s] Level 1:colcon.colcon_core.package_identification:_identify(fanuc_moveit_config) by extension 'ros'
[0.398s] DEBUG:colcon.colcon_core.package_identification:Package 'fanuc_moveit_config' with type 'ros.ament_cmake' and name 'fanuc_moveit_config'
[0.398s] Level 1:colcon.colcon_core.package_identification:_identify(install) by extensions ['ignore', 'ignore_ament_install']
[0.398s] Level 1:colcon.colcon_core.package_identification:_identify(install) by extension 'ignore'
[0.399s] Level 1:colcon.colcon_core.package_identification:_identify(install) ignored
[0.399s] Level 1:colcon.colcon_core.package_identification:_identify(log) by extensions ['ignore', 'ignore_ament_install']
[0.399s] Level 1:colcon.colcon_core.package_identification:_identify(log) by extension 'ignore'
[0.399s] Level 1:colcon.colcon_core.package_identification:_identify(log) ignored
[0.399s] Level 1:colcon.colcon_core.package_identification:_identify(pool-thesis-2023-moveit2-examples) by extensions ['ignore', 'ignore_ament_install']
[0.399s] Level 1:colcon.colcon_core.package_identification:_identify(pool-thesis-2023-moveit2-examples) by extension 'ignore'
[0.399s] Level 1:colcon.colcon_core.package_identification:_identify(pool-thesis-2023-moveit2-examples) by extension 'ignore_ament_install'
[0.399s] Level 1:colcon.colcon_core.package_identification:_identify(pool-thesis-2023-moveit2-examples) by extensions ['colcon_pkg']
[0.399s] Level 1:colcon.colcon_core.package_identification:_identify(pool-thesis-2023-moveit2-examples) by extension 'colcon_pkg'
[0.399s] Level 1:colcon.colcon_core.package_identification:_identify(pool-thesis-2023-moveit2-examples) by extensions ['colcon_meta']
[0.399s] Level 1:colcon.colcon_core.package_identification:_identify(pool-thesis-2023-moveit2-examples) by extension 'colcon_meta'
[0.399s] Level 1:colcon.colcon_core.package_identification:_identify(pool-thesis-2023-moveit2-examples) by extensions ['ros']
[0.399s] Level 1:colcon.colcon_core.package_identification:_identify(pool-thesis-2023-moveit2-examples) by extension 'ros'
[0.399s] Level 1:colcon.colcon_core.package_identification:_identify(pool-thesis-2023-moveit2-examples) by extensions ['cmake', 'python']
[0.400s] Level 1:colcon.colcon_core.package_identification:_identify(pool-thesis-2023-moveit2-examples) by extension 'cmake'
[0.400s] Level 1:colcon.colcon_core.package_identification:_identify(pool-thesis-2023-moveit2-examples) by extension 'python'
[0.400s] Level 1:colcon.colcon_core.package_identification:_identify(pool-thesis-2023-moveit2-examples) by extensions ['python_setup_py']
[0.400s] Level 1:colcon.colcon_core.package_identification:_identify(pool-thesis-2023-moveit2-examples) by extension 'python_setup_py'
[0.400s] Level 1:colcon.colcon_core.package_identification:_identify(pool-thesis-2023-moveit2-examples/cpp_examples) by extensions ['ignore', 'ignore_ament_install']
[0.400s] Level 1:colcon.colcon_core.package_identification:_identify(pool-thesis-2023-moveit2-examples/cpp_examples) by extension 'ignore'
[0.400s] Level 1:colcon.colcon_core.package_identification:_identify(pool-thesis-2023-moveit2-examples/cpp_examples) by extension 'ignore_ament_install'
[0.400s] Level 1:colcon.colcon_core.package_identification:_identify(pool-thesis-2023-moveit2-examples/cpp_examples) by extensions ['colcon_pkg']
[0.400s] Level 1:colcon.colcon_core.package_identification:_identify(pool-thesis-2023-moveit2-examples/cpp_examples) by extension 'colcon_pkg'
[0.400s] Level 1:colcon.colcon_core.package_identification:_identify(pool-thesis-2023-moveit2-examples/cpp_examples) by extensions ['colcon_meta']
[0.400s] Level 1:colcon.colcon_core.package_identification:_identify(pool-thesis-2023-moveit2-examples/cpp_examples) by extension 'colcon_meta'
[0.400s] Level 1:colcon.colcon_core.package_identification:_identify(pool-thesis-2023-moveit2-examples/cpp_examples) by extensions ['ros']
[0.400s] Level 1:colcon.colcon_core.package_identification:_identify(pool-thesis-2023-moveit2-examples/cpp_examples) by extension 'ros'
[0.401s] DEBUG:colcon.colcon_core.package_identification:Package 'pool-thesis-2023-moveit2-examples/cpp_examples' with type 'ros.ament_cmake' and name 'cpp_examples'
[0.401s] Level 1:colcon.colcon_core.package_identification:_identify(pool-thesis-2023-moveit2-examples/python_examples) by extensions ['ignore', 'ignore_ament_install']
[0.401s] Level 1:colcon.colcon_core.package_identification:_identify(pool-thesis-2023-moveit2-examples/python_examples) by extension 'ignore'
[0.401s] Level 1:colcon.colcon_core.package_identification:_identify(pool-thesis-2023-moveit2-examples/python_examples) by extension 'ignore_ament_install'
[0.402s] Level 1:colcon.colcon_core.package_identification:_identify(pool-thesis-2023-moveit2-examples/python_examples) by extensions ['colcon_pkg']
[0.402s] Level 1:colcon.colcon_core.package_identification:_identify(pool-thesis-2023-moveit2-examples/python_examples) by extension 'colcon_pkg'
[0.402s] Level 1:colcon.colcon_core.package_identification:_identify(pool-thesis-2023-moveit2-examples/python_examples) by extensions ['colcon_meta']
[0.402s] Level 1:colcon.colcon_core.package_identification:_identify(pool-thesis-2023-moveit2-examples/python_examples) by extension 'colcon_meta'
[0.402s] Level 1:colcon.colcon_core.package_identification:_identify(pool-thesis-2023-moveit2-examples/python_examples) by extensions ['ros']
[0.402s] Level 1:colcon.colcon_core.package_identification:_identify(pool-thesis-2023-moveit2-examples/python_examples) by extension 'ros'
[0.402s] DEBUG:colcon.colcon_core.package_identification:Package 'pool-thesis-2023-moveit2-examples/python_examples' with type 'ros.ament_python' and name 'python_examples'
[0.402s] Level 1:colcon.colcon_core.package_discovery:discover_packages(recursive) using defaults
[0.403s] Level 1:colcon.colcon_core.package_discovery:discover_packages(ignore) discover
[0.403s] Level 1:colcon.colcon_core.package_discovery:discover_packages(ignore) using defaults
[0.403s] Level 1:colcon.colcon_core.package_discovery:discover_packages(path) discover
[0.403s] Level 1:colcon.colcon_core.package_discovery:discover_packages(path) using defaults
[0.432s] Level 1:colcon.colcon_core.package_discovery:discover_packages(prefix_path) check parameters
[0.432s] Level 1:colcon.colcon_core.package_discovery:discover_packages(prefix_path) discover
[0.437s] DEBUG:colcon.colcon_installed_package_information.package_discovery:Found 17 installed packages in /home/wasiq/testing_model/my_team_with_poses/install
[0.439s] DEBUG:colcon.colcon_installed_package_information.package_discovery:Found 460 installed packages in /opt/ros/humble
[0.442s] Level 1:colcon.colcon_core.package_discovery:discover_packages(prefix_path) using defaults
[0.517s] Level 5:colcon.colcon_core.verb:set package 'cpp_examples' build argument 'cmake_args' from command line to 'None'
[0.517s] Level 5:colcon.colcon_core.verb:set package 'cpp_examples' build argument 'cmake_target' from command line to 'None'
[0.518s] Level 5:colcon.colcon_core.verb:set package 'cpp_examples' build argument 'cmake_target_skip_unavailable' from command line to 'False'
[0.518s] Level 5:colcon.colcon_core.verb:set package 'cpp_examples' build argument 'cmake_clean_cache' from command line to 'False'
[0.518s] Level 5:colcon.colcon_core.verb:set package 'cpp_examples' build argument 'cmake_clean_first' from command line to 'False'
[0.518s] Level 5:colcon.colcon_core.verb:set package 'cpp_examples' build argument 'cmake_force_configure' from command line to 'False'
[0.518s] Level 5:colcon.colcon_core.verb:set package 'cpp_examples' build argument 'ament_cmake_args' from command line to 'None'
[0.518s] Level 5:colcon.colcon_core.verb:set package 'cpp_examples' build argument 'catkin_cmake_args' from command line to 'None'
[0.518s] Level 5:colcon.colcon_core.verb:set package 'cpp_examples' build argument 'catkin_skip_building_tests' from command line to 'False'
[0.518s] DEBUG:colcon.colcon_core.verb:Building package 'cpp_examples' with the following arguments: {'ament_cmake_args': None, 'build_base': '/home/wasiq/testing_model/my_robotics_arm1/src/build/cpp_examples', 'catkin_cmake_args': None, 'catkin_skip_building_tests': False, 'cmake_args': None, 'cmake_clean_cache': False, 'cmake_clean_first': False, 'cmake_force_configure': False, 'cmake_target': None, 'cmake_target_skip_unavailable': False, 'install_base': '/home/wasiq/testing_model/my_robotics_arm1/src/install/cpp_examples', 'merge_install': False, 'path': '/home/wasiq/testing_model/my_robotics_arm1/src/pool-thesis-2023-moveit2-examples/cpp_examples', 'symlink_install': False, 'test_result_base': None}
[0.518s] Level 5:colcon.colcon_core.verb:set package 'fanuc_description' build argument 'cmake_args' from command line to 'None'
[0.518s] Level 5:colcon.colcon_core.verb:set package 'fanuc_description' build argument 'cmake_target' from command line to 'None'
[0.518s] Level 5:colcon.colcon_core.verb:set package 'fanuc_description' build argument 'cmake_target_skip_unavailable' from command line to 'False'
[0.518s] Level 5:colcon.colcon_core.verb:set package 'fanuc_description' build argument 'cmake_clean_cache' from command line to 'False'
[0.518s] Level 5:colcon.colcon_core.verb:set package 'fanuc_description' build argument 'cmake_clean_first' from command line to 'False'
[0.518s] Level 5:colcon.colcon_core.verb:set package 'fanuc_description' build argument 'cmake_force_configure' from command line to 'False'
[0.518s] Level 5:colcon.colcon_core.verb:set package 'fanuc_description' build argument 'ament_cmake_args' from command line to 'None'
[0.518s] Level 5:colcon.colcon_core.verb:set package 'fanuc_description' build argument 'catkin_cmake_args' from command line to 'None'
[0.518s] Level 5:colcon.colcon_core.verb:set package 'fanuc_description' build argument 'catkin_skip_building_tests' from command line to 'False'
[0.518s] DEBUG:colcon.colcon_core.verb:Building package 'fanuc_description' with the following arguments: {'ament_cmake_args': None, 'build_base': '/home/wasiq/testing_model/my_robotics_arm1/src/build/fanuc_description', 'catkin_cmake_args': None, 'catkin_skip_building_tests': False, 'cmake_args': None, 'cmake_clean_cache': False, 'cmake_clean_first': False, 'cmake_force_configure': False, 'cmake_target': None, 'cmake_target_skip_unavailable': False, 'install_base': '/home/wasiq/testing_model/my_robotics_arm1/src/install/fanuc_description', 'merge_install': False, 'path': '/home/wasiq/testing_model/my_robotics_arm1/src/fanuc_description', 'symlink_install': False, 'test_result_base': None}
[0.519s] Level 5:colcon.colcon_core.verb:set package 'python_examples' build argument 'cmake_args' from command line to 'None'
[0.519s] Level 5:colcon.colcon_core.verb:set package 'python_examples' build argument 'cmake_target' from command line to 'None'
[0.519s] Level 5:colcon.colcon_core.verb:set package 'python_examples' build argument 'cmake_target_skip_unavailable' from command line to 'False'
[0.519s] Level 5:colcon.colcon_core.verb:set package 'python_examples' build argument 'cmake_clean_cache' from command line to 'False'
[0.519s] Level 5:colcon.colcon_core.verb:set package 'python_examples' build argument 'cmake_clean_first' from command line to 'False'
[0.519s] Level 5:colcon.colcon_core.verb:set package 'python_examples' build argument 'cmake_force_configure' from command line to 'False'
[0.519s] Level 5:colcon.colcon_core.verb:set package 'python_examples' build argument 'ament_cmake_args' from command line to 'None'
[0.519s] Level 5:colcon.colcon_core.verb:set package 'python_examples' build argument 'catkin_cmake_args' from command line to 'None'
[0.519s] Level 5:colcon.colcon_core.verb:set package 'python_examples' build argument 'catkin_skip_building_tests' from command line to 'False'
[0.519s] DEBUG:colcon.colcon_core.verb:Building package 'python_examples' with the following arguments: {'ament_cmake_args': None, 'build_base': '/home/wasiq/testing_model/my_robotics_arm1/src/build/python_examples', 'catkin_cmake_args': None, 'catkin_skip_building_tests': False, 'cmake_args': None, 'cmake_clean_cache': False, 'cmake_clean_first': False, 'cmake_force_configure': False, 'cmake_target': None, 'cmake_target_skip_unavailable': False, 'install_base': '/home/wasiq/testing_model/my_robotics_arm1/src/install/python_examples', 'merge_install': False, 'path': '/home/wasiq/testing_model/my_robotics_arm1/src/pool-thesis-2023-moveit2-examples/python_examples', 'symlink_install': False, 'test_result_base': None}
[0.519s] Level 5:colcon.colcon_core.verb:set package 'fanuc_moveit_config' build argument 'cmake_args' from command line to 'None'
[0.519s] Level 5:colcon.colcon_core.verb:set package 'fanuc_moveit_config' build argument 'cmake_target' from command line to 'None'
[0.519s] Level 5:colcon.colcon_core.verb:set package 'fanuc_moveit_config' build argument 'cmake_target_skip_unavailable' from command line to 'False'
[0.519s] Level 5:colcon.colcon_core.verb:set package 'fanuc_moveit_config' build argument 'cmake_clean_cache' from command line to 'False'
[0.519s] Level 5:colcon.colcon_core.verb:set package 'fanuc_moveit_config' build argument 'cmake_clean_first' from command line to 'False'
[0.519s] Level 5:colcon.colcon_core.verb:set package 'fanuc_moveit_config' build argument 'cmake_force_configure' from command line to 'False'
[0.519s] Level 5:colcon.colcon_core.verb:set package 'fanuc_moveit_config' build argument 'ament_cmake_args' from command line to 'None'
[0.519s] Level 5:colcon.colcon_core.verb:set package 'fanuc_moveit_config' build argument 'catkin_cmake_args' from command line to 'None'
[0.519s] Level 5:colcon.colcon_core.verb:set package 'fanuc_moveit_config' build argument 'catkin_skip_building_tests' from command line to 'False'
[0.519s] DEBUG:colcon.colcon_core.verb:Building package 'fanuc_moveit_config' with the following arguments: {'ament_cmake_args': None, 'build_base': '/home/wasiq/testing_model/my_robotics_arm1/src/build/fanuc_moveit_config', 'catkin_cmake_args': None, 'catkin_skip_building_tests': False, 'cmake_args': None, 'cmake_clean_cache': False, 'cmake_clean_first': False, 'cmake_force_configure': False, 'cmake_target': None, 'cmake_target_skip_unavailable': False, 'install_base': '/home/wasiq/testing_model/my_robotics_arm1/src/install/fanuc_moveit_config', 'merge_install': False, 'path': '/home/wasiq/testing_model/my_robotics_arm1/src/fanuc_moveit_config', 'symlink_install': False, 'test_result_base': None}
[0.519s] INFO:colcon.colcon_core.executor:Executing jobs using 'parallel' executor
[0.521s] DEBUG:colcon.colcon_parallel_executor.executor.parallel:run_until_complete
[0.521s] INFO:colcon.colcon_ros.task.ament_cmake.build:Building ROS package in '/home/wasiq/testing_model/my_robotics_arm1/src/fanuc_description' with build type 'ament_cmake'
[0.521s] INFO:colcon.colcon_cmake.task.cmake.build:Building CMake package in '/home/wasiq/testing_model/my_robotics_arm1/src/fanuc_description'
[0.523s] INFO:colcon.colcon_core.plugin_system:Skipping extension 'colcon_core.shell.bat': Not used on non-Windows systems
[0.523s] INFO:colcon.colcon_core.shell:Skip shell extension 'powershell' for command environment: Not usable outside of PowerShell
[0.523s] DEBUG:colcon.colcon_core.shell:Skip shell extension 'dsv' for command environment
[0.529s] INFO:colcon.colcon_ros.task.ament_cmake.build:Building ROS package in '/home/wasiq/testing_model/my_robotics_arm1/src/pool-thesis-2023-moveit2-examples/cpp_examples' with build type 'ament_cmake'
[0.529s] INFO:colcon.colcon_cmake.task.cmake.build:Building CMake package in '/home/wasiq/testing_model/my_robotics_arm1/src/pool-thesis-2023-moveit2-examples/cpp_examples'
[0.529s] INFO:colcon.colcon_core.shell:Skip shell extension 'powershell' for command environment: Not usable outside of PowerShell
[0.529s] DEBUG:colcon.colcon_core.shell:Skip shell extension 'dsv' for command environment
[0.537s] INFO:colcon.colcon_ros.task.ament_python.build:Building ROS package in '/home/wasiq/testing_model/my_robotics_arm1/src/pool-thesis-2023-moveit2-examples/python_examples' with build type 'ament_python'
[0.538s] Level 1:colcon.colcon_core.shell:create_environment_hook('python_examples', 'ament_prefix_path')
[0.538s] INFO:colcon.colcon_core.shell:Creating environment hook '/home/wasiq/testing_model/my_robotics_arm1/src/install/python_examples/share/python_examples/hook/ament_prefix_path.ps1'
[0.539s] INFO:colcon.colcon_core.shell:Creating environment descriptor '/home/wasiq/testing_model/my_robotics_arm1/src/install/python_examples/share/python_examples/hook/ament_prefix_path.dsv'
[0.540s] INFO:colcon.colcon_core.shell:Creating environment hook '/home/wasiq/testing_model/my_robotics_arm1/src/install/python_examples/share/python_examples/hook/ament_prefix_path.sh'
[0.541s] INFO:colcon.colcon_core.shell:Skip shell extension 'powershell' for command environment: Not usable outside of PowerShell
[0.541s] DEBUG:colcon.colcon_core.shell:Skip shell extension 'dsv' for command environment
[0.554s] DEBUG:colcon.colcon_core.event_handler.log_command:Invoking command in '/home/wasiq/testing_model/my_robotics_arm1/src/build/fanuc_description': CMAKE_PREFIX_PATH=${CMAKE_PREFIX_PATH}:/home/wasiq/testing_model/my_team_with_poses/install/teleop_twist_keyboard:/home/wasiq/testing_model/my_team_with_poses/install/nav2_simple_commander:/home/wasiq/testing_model/my_team_with_poses/install/detection:/opt/ros/humble DEBUGINFOD_URLS=https://debuginfod.ubuntu.com PS1=${debian_chroot:+($debian_chroot)}\[\033[01;32m\]\u@\h\[\033[00m\]:\[\033[01;34m\]\w\[\033[00m\]\$ /home/wasiq/.local/bin/cmake /home/wasiq/testing_model/my_robotics_arm1/src/fanuc_description -DCMAKE_INSTALL_PREFIX=/home/wasiq/testing_model/my_robotics_arm1/src/install/fanuc_description
[0.561s] DEBUG:colcon.colcon_core.event_handler.log_command:Invoking command in '/home/wasiq/testing_model/my_robotics_arm1/src/build/cpp_examples': CMAKE_PREFIX_PATH=${CMAKE_PREFIX_PATH}:/home/wasiq/testing_model/my_team_with_poses/install/teleop_twist_keyboard:/home/wasiq/testing_model/my_team_with_poses/install/nav2_simple_commander:/home/wasiq/testing_model/my_team_with_poses/install/detection:/opt/ros/humble DEBUGINFOD_URLS=https://debuginfod.ubuntu.com PS1=${debian_chroot:+($debian_chroot)}\[\033[01;32m\]\u@\h\[\033[00m\]:\[\033[01;34m\]\w\[\033[00m\]\$ /home/wasiq/.local/bin/cmake /home/wasiq/testing_model/my_robotics_arm1/src/pool-thesis-2023-moveit2-examples/cpp_examples -DCMAKE_INSTALL_PREFIX=/home/wasiq/testing_model/my_robotics_arm1/src/install/cpp_examples
[1.068s] INFO:colcon.colcon_core.task.python.build:Building Python package in '/home/wasiq/testing_model/my_robotics_arm1/src/pool-thesis-2023-moveit2-examples/python_examples'
[1.069s] INFO:colcon.colcon_core.shell:Skip shell extension 'powershell' for command environment: Not usable outside of PowerShell
[1.069s] DEBUG:colcon.colcon_core.shell:Skip shell extension 'dsv' for command environment
[1.832s] DEBUG:colcon.colcon_core.event_handler.log_command:Invoked command in '/home/wasiq/testing_model/my_robotics_arm1/src/build/fanuc_description' returned '0': CMAKE_PREFIX_PATH=${CMAKE_PREFIX_PATH}:/home/wasiq/testing_model/my_team_with_poses/install/teleop_twist_keyboard:/home/wasiq/testing_model/my_team_with_poses/install/nav2_simple_commander:/home/wasiq/testing_model/my_team_with_poses/install/detection:/opt/ros/humble DEBUGINFOD_URLS=https://debuginfod.ubuntu.com PS1=${debian_chroot:+($debian_chroot)}\[\033[01;32m\]\u@\h\[\033[00m\]:\[\033[01;34m\]\w\[\033[00m\]\$ /home/wasiq/.local/bin/cmake /home/wasiq/testing_model/my_robotics_arm1/src/fanuc_description -DCMAKE_INSTALL_PREFIX=/home/wasiq/testing_model/my_robotics_arm1/src/install/fanuc_description
[1.835s] DEBUG:colcon.colcon_core.event_handler.log_command:Invoking command in '/home/wasiq/testing_model/my_robotics_arm1/src/build/fanuc_description': CMAKE_PREFIX_PATH=${CMAKE_PREFIX_PATH}:/home/wasiq/testing_model/my_team_with_poses/install/teleop_twist_keyboard:/home/wasiq/testing_model/my_team_with_poses/install/nav2_simple_commander:/home/wasiq/testing_model/my_team_with_poses/install/detection:/opt/ros/humble DEBUGINFOD_URLS=https://debuginfod.ubuntu.com PS1=${debian_chroot:+($debian_chroot)}\[\033[01;32m\]\u@\h\[\033[00m\]:\[\033[01;34m\]\w\[\033[00m\]\$ /home/wasiq/.local/bin/cmake --build /home/wasiq/testing_model/my_robotics_arm1/src/build/fanuc_description -- -j8 -l8
[1.901s] DEBUG:colcon.colcon_core.event_handler.log_command:Invoked command in '/home/wasiq/testing_model/my_robotics_arm1/src/build/fanuc_description' returned '0': CMAKE_PREFIX_PATH=${CMAKE_PREFIX_PATH}:/home/wasiq/testing_model/my_team_with_poses/install/teleop_twist_keyboard:/home/wasiq/testing_model/my_team_with_poses/install/nav2_simple_commander:/home/wasiq/testing_model/my_team_with_poses/install/detection:/opt/ros/humble DEBUGINFOD_URLS=https://debuginfod.ubuntu.com PS1=${debian_chroot:+($debian_chroot)}\[\033[01;32m\]\u@\h\[\033[00m\]:\[\033[01;34m\]\w\[\033[00m\]\$ /home/wasiq/.local/bin/cmake --build /home/wasiq/testing_model/my_robotics_arm1/src/build/fanuc_description -- -j8 -l8
[1.957s] DEBUG:colcon.colcon_core.event_handler.log_command:Invoking command in '/home/wasiq/testing_model/my_robotics_arm1/src/build/fanuc_description': CMAKE_PREFIX_PATH=${CMAKE_PREFIX_PATH}:/home/wasiq/testing_model/my_team_with_poses/install/teleop_twist_keyboard:/home/wasiq/testing_model/my_team_with_poses/install/nav2_simple_commander:/home/wasiq/testing_model/my_team_with_poses/install/detection:/opt/ros/humble DEBUGINFOD_URLS=https://debuginfod.ubuntu.com PS1=${debian_chroot:+($debian_chroot)}\[\033[01;32m\]\u@\h\[\033[00m\]:\[\033[01;34m\]\w\[\033[00m\]\$ /home/wasiq/.local/bin/cmake --install /home/wasiq/testing_model/my_robotics_arm1/src/build/fanuc_description
[2.021s] Level 1:colcon.colcon_core.environment:create_environment_scripts_only(fanuc_description)
[2.022s] DEBUG:colcon.colcon_core.event_handler.log_command:Invoked command in '/home/wasiq/testing_model/my_robotics_arm1/src/build/fanuc_description' returned '0': CMAKE_PREFIX_PATH=${CMAKE_PREFIX_PATH}:/home/wasiq/testing_model/my_team_with_poses/install/teleop_twist_keyboard:/home/wasiq/testing_model/my_team_with_poses/install/nav2_simple_commander:/home/wasiq/testing_model/my_team_with_poses/install/detection:/opt/ros/humble DEBUGINFOD_URLS=https://debuginfod.ubuntu.com PS1=${debian_chroot:+($debian_chroot)}\[\033[01;32m\]\u@\h\[\033[00m\]:\[\033[01;34m\]\w\[\033[00m\]\$ /home/wasiq/.local/bin/cmake --install /home/wasiq/testing_model/my_robotics_arm1/src/build/fanuc_description
[2.025s] Level 1:colcon.colcon_core.environment:checking '/home/wasiq/testing_model/my_robotics_arm1/src/install/fanuc_description' for CMake module files
[2.025s] Level 1:colcon.colcon_core.environment:checking '/home/wasiq/testing_model/my_robotics_arm1/src/install/fanuc_description' for CMake config files
[2.026s] Level 1:colcon.colcon_core.shell:create_environment_hook('fanuc_description', 'cmake_prefix_path')
[2.026s] INFO:colcon.colcon_core.shell:Creating environment hook '/home/wasiq/testing_model/my_robotics_arm1/src/install/fanuc_description/share/fanuc_description/hook/cmake_prefix_path.ps1'
[2.026s] INFO:colcon.colcon_core.shell:Creating environment descriptor '/home/wasiq/testing_model/my_robotics_arm1/src/install/fanuc_description/share/fanuc_description/hook/cmake_prefix_path.dsv'
[2.027s] INFO:colcon.colcon_core.shell:Creating environment hook '/home/wasiq/testing_model/my_robotics_arm1/src/install/fanuc_description/share/fanuc_description/hook/cmake_prefix_path.sh'
[2.028s] Level 1:colcon.colcon_core.environment:checking '/home/wasiq/testing_model/my_robotics_arm1/src/install/fanuc_description/bin'
[2.028s] Level 1:colcon.colcon_core.environment:checking '/home/wasiq/testing_model/my_robotics_arm1/src/install/fanuc_description/lib/pkgconfig/fanuc_description.pc'
[2.029s] Level 1:colcon.colcon_core.environment:checking '/home/wasiq/testing_model/my_robotics_arm1/src/install/fanuc_description/lib/python3.10/site-packages'
[2.029s] Level 1:colcon.colcon_core.environment:checking '/home/wasiq/testing_model/my_robotics_arm1/src/install/fanuc_description/bin'
[2.029s] INFO:colcon.colcon_core.shell:Creating package script '/home/wasiq/testing_model/my_robotics_arm1/src/install/fanuc_description/share/fanuc_description/package.ps1'
[2.030s] INFO:colcon.colcon_core.shell:Creating package descriptor '/home/wasiq/testing_model/my_robotics_arm1/src/install/fanuc_description/share/fanuc_description/package.dsv'
[2.031s] INFO:colcon.colcon_core.shell:Creating package script '/home/wasiq/testing_model/my_robotics_arm1/src/install/fanuc_description/share/fanuc_description/package.sh'
[2.032s] INFO:colcon.colcon_core.shell:Creating package script '/home/wasiq/testing_model/my_robotics_arm1/src/install/fanuc_description/share/fanuc_description/package.bash'
[2.033s] INFO:colcon.colcon_core.shell:Creating package script '/home/wasiq/testing_model/my_robotics_arm1/src/install/fanuc_description/share/fanuc_description/package.zsh'
[2.034s] Level 1:colcon.colcon_core.environment:create_file_with_runtime_dependencies(/home/wasiq/testing_model/my_robotics_arm1/src/install/fanuc_description/share/colcon-core/packages/fanuc_description)
[2.035s] Level 1:colcon.colcon_core.environment:create_environment_scripts_only(fanuc_description)
[2.035s] Level 1:colcon.colcon_core.environment:checking '/home/wasiq/testing_model/my_robotics_arm1/src/install/fanuc_description' for CMake module files
[2.035s] Level 1:colcon.colcon_core.environment:checking '/home/wasiq/testing_model/my_robotics_arm1/src/install/fanuc_description' for CMake config files
[2.036s] Level 1:colcon.colcon_core.shell:create_environment_hook('fanuc_description', 'cmake_prefix_path')
[2.036s] INFO:colcon.colcon_core.shell:Creating environment hook '/home/wasiq/testing_model/my_robotics_arm1/src/install/fanuc_description/share/fanuc_description/hook/cmake_prefix_path.ps1'
[2.037s] INFO:colcon.colcon_core.shell:Creating environment descriptor '/home/wasiq/testing_model/my_robotics_arm1/src/install/fanuc_description/share/fanuc_description/hook/cmake_prefix_path.dsv'
[2.037s] INFO:colcon.colcon_core.shell:Creating environment hook '/home/wasiq/testing_model/my_robotics_arm1/src/install/fanuc_description/share/fanuc_description/hook/cmake_prefix_path.sh'
[2.038s] Level 1:colcon.colcon_core.environment:checking '/home/wasiq/testing_model/my_robotics_arm1/src/install/fanuc_description/bin'
[2.038s] Level 1:colcon.colcon_core.environment:checking '/home/wasiq/testing_model/my_robotics_arm1/src/install/fanuc_description/lib/pkgconfig/fanuc_description.pc'
[2.038s] Level 1:colcon.colcon_core.environment:checking '/home/wasiq/testing_model/my_robotics_arm1/src/install/fanuc_description/lib/python3.10/site-packages'
[2.038s] Level 1:colcon.colcon_core.environment:checking '/home/wasiq/testing_model/my_robotics_arm1/src/install/fanuc_description/bin'
[2.039s] INFO:colcon.colcon_core.shell:Creating package script '/home/wasiq/testing_model/my_robotics_arm1/src/install/fanuc_description/share/fanuc_description/package.ps1'
[2.039s] INFO:colcon.colcon_core.shell:Creating package descriptor '/home/wasiq/testing_model/my_robotics_arm1/src/install/fanuc_description/share/fanuc_description/package.dsv'
[2.040s] INFO:colcon.colcon_core.shell:Creating package script '/home/wasiq/testing_model/my_robotics_arm1/src/install/fanuc_description/share/fanuc_description/package.sh'
[2.040s] INFO:colcon.colcon_core.shell:Creating package script '/home/wasiq/testing_model/my_robotics_arm1/src/install/fanuc_description/share/fanuc_description/package.bash'
[2.041s] INFO:colcon.colcon_core.shell:Creating package script '/home/wasiq/testing_model/my_robotics_arm1/src/install/fanuc_description/share/fanuc_description/package.zsh'
[2.041s] Level 1:colcon.colcon_core.environment:create_file_with_runtime_dependencies(/home/wasiq/testing_model/my_robotics_arm1/src/install/fanuc_description/share/colcon-core/packages/fanuc_description)
[2.042s] INFO:colcon.colcon_ros.task.ament_cmake.build:Building ROS package in '/home/wasiq/testing_model/my_robotics_arm1/src/fanuc_moveit_config' with build type 'ament_cmake'
[2.042s] INFO:colcon.colcon_cmake.task.cmake.build:Building CMake package in '/home/wasiq/testing_model/my_robotics_arm1/src/fanuc_moveit_config'
[2.042s] INFO:colcon.colcon_core.shell:Skip shell extension 'powershell' for command environment: Not usable outside of PowerShell
[2.042s] DEBUG:colcon.colcon_core.shell:Skip shell extension 'dsv' for command environment
[2.058s] DEBUG:colcon.colcon_core.event_handler.log_command:Invoking command in '/home/wasiq/testing_model/my_robotics_arm1/src/build/fanuc_moveit_config': AMENT_PREFIX_PATH=/home/wasiq/testing_model/my_robotics_arm1/src/install/fanuc_description:${AMENT_PREFIX_PATH} CMAKE_PREFIX_PATH=/home/wasiq/testing_model/my_robotics_arm1/src/install/fanuc_description:/home/wasiq/testing_model/my_team_with_poses/install/yolobot_recognition:/home/wasiq/testing_model/my_team_with_poses/install/slam_gmapping:/home/wasiq/testing_model/my_team_with_poses/install/robot_localization:/home/wasiq/testing_model/my_team_with_poses/install/openslam_gmapping:/home/wasiq/testing_model/my_team_with_poses/install/neuronbot2_slam:/home/wasiq/testing_model/my_team_with_poses/install/neuronbot2_nav:/home/wasiq/testing_model/my_team_with_poses/install/megabot_nav:/home/wasiq/testing_model/my_team_with_poses/install/nav2_bringup:/home/wasiq/testing_model/my_team_with_poses/install/megabot:/home/wasiq/testing_model/my_team_with_poses/install/geographic_info:/home/wasiq/testing_model/my_team_with_poses/install/geodesy:/home/wasiq/testing_model/my_team_with_poses/install/geographic_msgs:/home/wasiq/testing_model/my_team_with_poses/install/bt_ros2:/home/wasiq/testing_model/my_team_with_poses/install/aws_robomaker_small_warehouse_world:/home/wasiq/testing_model/my_team_with_poses/install/teleop_twist_keyboard:/home/wasiq/testing_model/my_team_with_poses/install/nav2_simple_commander:/home/wasiq/testing_model/my_team_with_poses/install/detection:/opt/ros/humble DEBUGINFOD_URLS=https://debuginfod.ubuntu.com PS1=${debian_chroot:+($debian_chroot)}\[\033[01;32m\]\u@\h\[\033[00m\]:\[\033[01;34m\]\w\[\033[00m\]\$ /home/wasiq/.local/bin/cmake /home/wasiq/testing_model/my_robotics_arm1/src/fanuc_moveit_config -DCMAKE_INSTALL_PREFIX=/home/wasiq/testing_model/my_robotics_arm1/src/install/fanuc_moveit_config
[2.650s] DEBUG:colcon.colcon_core.event_handler.log_command:Invoking command in '/home/wasiq/testing_model/my_robotics_arm1/src/pool-thesis-2023-moveit2-examples/python_examples': DEBUGINFOD_URLS=https://debuginfod.ubuntu.com PS1=${debian_chroot:+($debian_chroot)}\[\033[01;32m\]\u@\h\[\033[00m\]:\[\033[01;34m\]\w\[\033[00m\]\$ PYTHONPATH=/home/wasiq/testing_model/my_robotics_arm1/src/build/python_examples/prefix_override:/usr/lib/python3/dist-packages/colcon_core/task/python/colcon_distutils_commands:/home/wasiq/testing_model/my_robotics_arm1/src/install/python_examples/lib/python3.10/site-packages:${PYTHONPATH} /usr/bin/python3 -W ignore:setup.py install is deprecated -W ignore:easy_install command is deprecated setup.py egg_info --egg-base ../../build/python_examples build --build-base /home/wasiq/testing_model/my_robotics_arm1/src/build/python_examples/build install --record /home/wasiq/testing_model/my_robotics_arm1/src/build/python_examples/install.log --single-version-externally-managed install_data
[3.152s] DEBUG:colcon.colcon_core.event_handler.log_command:Invoked command in '/home/wasiq/testing_model/my_robotics_arm1/src/build/fanuc_moveit_config' returned '0': AMENT_PREFIX_PATH=/home/wasiq/testing_model/my_robotics_arm1/src/install/fanuc_description:${AMENT_PREFIX_PATH} CMAKE_PREFIX_PATH=/home/wasiq/testing_model/my_robotics_arm1/src/install/fanuc_description:/home/wasiq/testing_model/my_team_with_poses/install/yolobot_recognition:/home/wasiq/testing_model/my_team_with_poses/install/slam_gmapping:/home/wasiq/testing_model/my_team_with_poses/install/robot_localization:/home/wasiq/testing_model/my_team_with_poses/install/openslam_gmapping:/home/wasiq/testing_model/my_team_with_poses/install/neuronbot2_slam:/home/wasiq/testing_model/my_team_with_poses/install/neuronbot2_nav:/home/wasiq/testing_model/my_team_with_poses/install/megabot_nav:/home/wasiq/testing_model/my_team_with_poses/install/nav2_bringup:/home/wasiq/testing_model/my_team_with_poses/install/megabot:/home/wasiq/testing_model/my_team_with_poses/install/geographic_info:/home/wasiq/testing_model/my_team_with_poses/install/geodesy:/home/wasiq/testing_model/my_team_with_poses/install/geographic_msgs:/home/wasiq/testing_model/my_team_with_poses/install/bt_ros2:/home/wasiq/testing_model/my_team_with_poses/install/aws_robomaker_small_warehouse_world:/home/wasiq/testing_model/my_team_with_poses/install/teleop_twist_keyboard:/home/wasiq/testing_model/my_team_with_poses/install/nav2_simple_commander:/home/wasiq/testing_model/my_team_with_poses/install/detection:/opt/ros/humble DEBUGINFOD_URLS=https://debuginfod.ubuntu.com PS1=${debian_chroot:+($debian_chroot)}\[\033[01;32m\]\u@\h\[\033[00m\]:\[\033[01;34m\]\w\[\033[00m\]\$ /home/wasiq/.local/bin/cmake /home/wasiq/testing_model/my_robotics_arm1/src/fanuc_moveit_config -DCMAKE_INSTALL_PREFIX=/home/wasiq/testing_model/my_robotics_arm1/src/install/fanuc_moveit_config
[3.156s] DEBUG:colcon.colcon_core.event_handler.log_command:Invoking command in '/home/wasiq/testing_model/my_robotics_arm1/src/build/fanuc_moveit_config': AMENT_PREFIX_PATH=/home/wasiq/testing_model/my_robotics_arm1/src/install/fanuc_description:${AMENT_PREFIX_PATH} CMAKE_PREFIX_PATH=/home/wasiq/testing_model/my_robotics_arm1/src/install/fanuc_description:/home/wasiq/testing_model/my_team_with_poses/install/yolobot_recognition:/home/wasiq/testing_model/my_team_with_poses/install/slam_gmapping:/home/wasiq/testing_model/my_team_with_poses/install/robot_localization:/home/wasiq/testing_model/my_team_with_poses/install/openslam_gmapping:/home/wasiq/testing_model/my_team_with_poses/install/neuronbot2_slam:/home/wasiq/testing_model/my_team_with_poses/install/neuronbot2_nav:/home/wasiq/testing_model/my_team_with_poses/install/megabot_nav:/home/wasiq/testing_model/my_team_with_poses/install/nav2_bringup:/home/wasiq/testing_model/my_team_with_poses/install/megabot:/home/wasiq/testing_model/my_team_with_poses/install/geographic_info:/home/wasiq/testing_model/my_team_with_poses/install/geodesy:/home/wasiq/testing_model/my_team_with_poses/install/geographic_msgs:/home/wasiq/testing_model/my_team_with_poses/install/bt_ros2:/home/wasiq/testing_model/my_team_with_poses/install/aws_robomaker_small_warehouse_world:/home/wasiq/testing_model/my_team_with_poses/install/teleop_twist_keyboard:/home/wasiq/testing_model/my_team_with_poses/install/nav2_simple_commander:/home/wasiq/testing_model/my_team_with_poses/install/detection:/opt/ros/humble DEBUGINFOD_URLS=https://debuginfod.ubuntu.com PS1=${debian_chroot:+($debian_chroot)}\[\033[01;32m\]\u@\h\[\033[00m\]:\[\033[01;34m\]\w\[\033[00m\]\$ /home/wasiq/.local/bin/cmake --build /home/wasiq/testing_model/my_robotics_arm1/src/build/fanuc_moveit_config -- -j8 -l8
[3.218s] DEBUG:colcon.colcon_core.event_handler.log_command:Invoked command in '/home/wasiq/testing_model/my_robotics_arm1/src/build/fanuc_moveit_config' returned '0': AMENT_PREFIX_PATH=/home/wasiq/testing_model/my_robotics_arm1/src/install/fanuc_description:${AMENT_PREFIX_PATH} CMAKE_PREFIX_PATH=/home/wasiq/testing_model/my_robotics_arm1/src/install/fanuc_description:/home/wasiq/testing_model/my_team_with_poses/install/yolobot_recognition:/home/wasiq/testing_model/my_team_with_poses/install/slam_gmapping:/home/wasiq/testing_model/my_team_with_poses/install/robot_localization:/home/wasiq/testing_model/my_team_with_poses/install/openslam_gmapping:/home/wasiq/testing_model/my_team_with_poses/install/neuronbot2_slam:/home/wasiq/testing_model/my_team_with_poses/install/neuronbot2_nav:/home/wasiq/testing_model/my_team_with_poses/install/megabot_nav:/home/wasiq/testing_model/my_team_with_poses/install/nav2_bringup:/home/wasiq/testing_model/my_team_with_poses/install/megabot:/home/wasiq/testing_model/my_team_with_poses/install/geographic_info:/home/wasiq/testing_model/my_team_with_poses/install/geodesy:/home/wasiq/testing_model/my_team_with_poses/install/geographic_msgs:/home/wasiq/testing_model/my_team_with_poses/install/bt_ros2:/home/wasiq/testing_model/my_team_with_poses/install/aws_robomaker_small_warehouse_world:/home/wasiq/testing_model/my_team_with_poses/install/teleop_twist_keyboard:/home/wasiq/testing_model/my_team_with_poses/install/nav2_simple_commander:/home/wasiq/testing_model/my_team_with_poses/install/detection:/opt/ros/humble DEBUGINFOD_URLS=https://debuginfod.ubuntu.com PS1=${debian_chroot:+($debian_chroot)}\[\033[01;32m\]\u@\h\[\033[00m\]:\[\033[01;34m\]\w\[\033[00m\]\$ /home/wasiq/.local/bin/cmake --build /home/wasiq/testing_model/my_robotics_arm1/src/build/fanuc_moveit_config -- -j8 -l8
[3.221s] DEBUG:colcon.colcon_core.event_handler.log_command:Invoking command in '/home/wasiq/testing_model/my_robotics_arm1/src/build/fanuc_moveit_config': AMENT_PREFIX_PATH=/home/wasiq/testing_model/my_robotics_arm1/src/install/fanuc_description:${AMENT_PREFIX_PATH} CMAKE_PREFIX_PATH=/home/wasiq/testing_model/my_robotics_arm1/src/install/fanuc_description:/home/wasiq/testing_model/my_team_with_poses/install/yolobot_recognition:/home/wasiq/testing_model/my_team_with_poses/install/slam_gmapping:/home/wasiq/testing_model/my_team_with_poses/install/robot_localization:/home/wasiq/testing_model/my_team_with_poses/install/openslam_gmapping:/home/wasiq/testing_model/my_team_with_poses/install/neuronbot2_slam:/home/wasiq/testing_model/my_team_with_poses/install/neuronbot2_nav:/home/wasiq/testing_model/my_team_with_poses/install/megabot_nav:/home/wasiq/testing_model/my_team_with_poses/install/nav2_bringup:/home/wasiq/testing_model/my_team_with_poses/install/megabot:/home/wasiq/testing_model/my_team_with_poses/install/geographic_info:/home/wasiq/testing_model/my_team_with_poses/install/geodesy:/home/wasiq/testing_model/my_team_with_poses/install/geographic_msgs:/home/wasiq/testing_model/my_team_with_poses/install/bt_ros2:/home/wasiq/testing_model/my_team_with_poses/install/aws_robomaker_small_warehouse_world:/home/wasiq/testing_model/my_team_with_poses/install/teleop_twist_keyboard:/home/wasiq/testing_model/my_team_with_poses/install/nav2_simple_commander:/home/wasiq/testing_model/my_team_with_poses/install/detection:/opt/ros/humble DEBUGINFOD_URLS=https://debuginfod.ubuntu.com PS1=${debian_chroot:+($debian_chroot)}\[\033[01;32m\]\u@\h\[\033[00m\]:\[\033[01;34m\]\w\[\033[00m\]\$ /home/wasiq/.local/bin/cmake --install /home/wasiq/testing_model/my_robotics_arm1/src/build/fanuc_moveit_config
[3.288s] Level 1:colcon.colcon_core.environment:create_environment_scripts_only(fanuc_moveit_config)
[3.288s] Level 1:colcon.colcon_core.environment:checking '/home/wasiq/testing_model/my_robotics_arm1/src/install/fanuc_moveit_config' for CMake module files
[3.289s] DEBUG:colcon.colcon_core.event_handler.log_command:Invoked command in '/home/wasiq/testing_model/my_robotics_arm1/src/build/fanuc_moveit_config' returned '0': AMENT_PREFIX_PATH=/home/wasiq/testing_model/my_robotics_arm1/src/install/fanuc_description:${AMENT_PREFIX_PATH} CMAKE_PREFIX_PATH=/home/wasiq/testing_model/my_robotics_arm1/src/install/fanuc_description:/home/wasiq/testing_model/my_team_with_poses/install/yolobot_recognition:/home/wasiq/testing_model/my_team_with_poses/install/slam_gmapping:/home/wasiq/testing_model/my_team_with_poses/install/robot_localization:/home/wasiq/testing_model/my_team_with_poses/install/openslam_gmapping:/home/wasiq/testing_model/my_team_with_poses/install/neuronbot2_slam:/home/wasiq/testing_model/my_team_with_poses/install/neuronbot2_nav:/home/wasiq/testing_model/my_team_with_poses/install/megabot_nav:/home/wasiq/testing_model/my_team_with_poses/install/nav2_bringup:/home/wasiq/testing_model/my_team_with_poses/install/megabot:/home/wasiq/testing_model/my_team_with_poses/install/geographic_info:/home/wasiq/testing_model/my_team_with_poses/install/geodesy:/home/wasiq/testing_model/my_team_with_poses/install/geographic_msgs:/home/wasiq/testing_model/my_team_with_poses/install/bt_ros2:/home/wasiq/testing_model/my_team_with_poses/install/aws_robomaker_small_warehouse_world:/home/wasiq/testing_model/my_team_with_poses/install/teleop_twist_keyboard:/home/wasiq/testing_model/my_team_with_poses/install/nav2_simple_commander:/home/wasiq/testing_model/my_team_with_poses/install/detection:/opt/ros/humble DEBUGINFOD_URLS=https://debuginfod.ubuntu.com PS1=${debian_chroot:+($debian_chroot)}\[\033[01;32m\]\u@\h\[\033[00m\]:\[\033[01;34m\]\w\[\033[00m\]\$ /home/wasiq/.local/bin/cmake --install /home/wasiq/testing_model/my_robotics_arm1/src/build/fanuc_moveit_config
[3.290s] Level 1:colcon.colcon_core.environment:checking '/home/wasiq/testing_model/my_robotics_arm1/src/install/fanuc_moveit_config' for CMake config files
[3.291s] Level 1:colcon.colcon_core.shell:create_environment_hook('fanuc_moveit_config', 'cmake_prefix_path')
[3.291s] INFO:colcon.colcon_core.shell:Creating environment hook '/home/wasiq/testing_model/my_robotics_arm1/src/install/fanuc_moveit_config/share/fanuc_moveit_config/hook/cmake_prefix_path.ps1'
[3.292s] INFO:colcon.colcon_core.shell:Creating environment descriptor '/home/wasiq/testing_model/my_robotics_arm1/src/install/fanuc_moveit_config/share/fanuc_moveit_config/hook/cmake_prefix_path.dsv'
[3.293s] INFO:colcon.colcon_core.shell:Creating environment hook '/home/wasiq/testing_model/my_robotics_arm1/src/install/fanuc_moveit_config/share/fanuc_moveit_config/hook/cmake_prefix_path.sh'
[3.294s] Level 1:colcon.colcon_core.environment:checking '/home/wasiq/testing_model/my_robotics_arm1/src/install/fanuc_moveit_config/bin'
[3.295s] Level 1:colcon.colcon_core.environment:checking '/home/wasiq/testing_model/my_robotics_arm1/src/install/fanuc_moveit_config/lib/pkgconfig/fanuc_moveit_config.pc'
[3.295s] Level 1:colcon.colcon_core.environment:checking '/home/wasiq/testing_model/my_robotics_arm1/src/install/fanuc_moveit_config/lib/python3.10/site-packages'
[3.296s] Level 1:colcon.colcon_core.environment:checking '/home/wasiq/testing_model/my_robotics_arm1/src/install/fanuc_moveit_config/bin'
[3.296s] INFO:colcon.colcon_core.shell:Creating package script '/home/wasiq/testing_model/my_robotics_arm1/src/install/fanuc_moveit_config/share/fanuc_moveit_config/package.ps1'
[3.297s] INFO:colcon.colcon_core.shell:Creating package descriptor '/home/wasiq/testing_model/my_robotics_arm1/src/install/fanuc_moveit_config/share/fanuc_moveit_config/package.dsv'
[3.298s] INFO:colcon.colcon_core.shell:Creating package script '/home/wasiq/testing_model/my_robotics_arm1/src/install/fanuc_moveit_config/share/fanuc_moveit_config/package.sh'
[3.299s] INFO:colcon.colcon_core.shell:Creating package script '/home/wasiq/testing_model/my_robotics_arm1/src/install/fanuc_moveit_config/share/fanuc_moveit_config/package.bash'
[3.300s] INFO:colcon.colcon_core.shell:Creating package script '/home/wasiq/testing_model/my_robotics_arm1/src/install/fanuc_moveit_config/share/fanuc_moveit_config/package.zsh'
[3.301s] Level 1:colcon.colcon_core.environment:create_file_with_runtime_dependencies(/home/wasiq/testing_model/my_robotics_arm1/src/install/fanuc_moveit_config/share/colcon-core/packages/fanuc_moveit_config)
[3.302s] Level 1:colcon.colcon_core.environment:create_environment_scripts_only(fanuc_moveit_config)
[3.302s] Level 1:colcon.colcon_core.environment:checking '/home/wasiq/testing_model/my_robotics_arm1/src/install/fanuc_moveit_config' for CMake module files
[3.303s] Level 1:colcon.colcon_core.environment:checking '/home/wasiq/testing_model/my_robotics_arm1/src/install/fanuc_moveit_config' for CMake config files
[3.304s] Level 1:colcon.colcon_core.shell:create_environment_hook('fanuc_moveit_config', 'cmake_prefix_path')
[3.304s] INFO:colcon.colcon_core.shell:Creating environment hook '/home/wasiq/testing_model/my_robotics_arm1/src/install/fanuc_moveit_config/share/fanuc_moveit_config/hook/cmake_prefix_path.ps1'
[3.305s] INFO:colcon.colcon_core.shell:Creating environment descriptor '/home/wasiq/testing_model/my_robotics_arm1/src/install/fanuc_moveit_config/share/fanuc_moveit_config/hook/cmake_prefix_path.dsv'
[3.305s] INFO:colcon.colcon_core.shell:Creating environment hook '/home/wasiq/testing_model/my_robotics_arm1/src/install/fanuc_moveit_config/share/fanuc_moveit_config/hook/cmake_prefix_path.sh'
[3.306s] Level 1:colcon.colcon_core.environment:checking '/home/wasiq/testing_model/my_robotics_arm1/src/install/fanuc_moveit_config/bin'
[3.306s] Level 1:colcon.colcon_core.environment:checking '/home/wasiq/testing_model/my_robotics_arm1/src/install/fanuc_moveit_config/lib/pkgconfig/fanuc_moveit_config.pc'
[3.306s] Level 1:colcon.colcon_core.environment:checking '/home/wasiq/testing_model/my_robotics_arm1/src/install/fanuc_moveit_config/lib/python3.10/site-packages'
[3.307s] Level 1:colcon.colcon_core.environment:checking '/home/wasiq/testing_model/my_robotics_arm1/src/install/fanuc_moveit_config/bin'
[3.307s] INFO:colcon.colcon_core.shell:Creating package script '/home/wasiq/testing_model/my_robotics_arm1/src/install/fanuc_moveit_config/share/fanuc_moveit_config/package.ps1'
[3.308s] INFO:colcon.colcon_core.shell:Creating package descriptor '/home/wasiq/testing_model/my_robotics_arm1/src/install/fanuc_moveit_config/share/fanuc_moveit_config/package.dsv'
[3.309s] INFO:colcon.colcon_core.shell:Creating package script '/home/wasiq/testing_model/my_robotics_arm1/src/install/fanuc_moveit_config/share/fanuc_moveit_config/package.sh'
[3.309s] INFO:colcon.colcon_core.shell:Creating package script '/home/wasiq/testing_model/my_robotics_arm1/src/install/fanuc_moveit_config/share/fanuc_moveit_config/package.bash'
[3.310s] INFO:colcon.colcon_core.shell:Creating package script '/home/wasiq/testing_model/my_robotics_arm1/src/install/fanuc_moveit_config/share/fanuc_moveit_config/package.zsh'
[3.310s] Level 1:colcon.colcon_core.environment:create_file_with_runtime_dependencies(/home/wasiq/testing_model/my_robotics_arm1/src/install/fanuc_moveit_config/share/colcon-core/packages/fanuc_moveit_config)
[3.921s] Level 1:colcon.colcon_core.environment:checking '/home/wasiq/testing_model/my_robotics_arm1/src/install/python_examples' for CMake module files
[3.922s] DEBUG:colcon.colcon_core.event_handler.log_command:Invoked command in '/home/wasiq/testing_model/my_robotics_arm1/src/pool-thesis-2023-moveit2-examples/python_examples' returned '0': DEBUGINFOD_URLS=https://debuginfod.ubuntu.com PS1=${debian_chroot:+($debian_chroot)}\[\033[01;32m\]\u@\h\[\033[00m\]:\[\033[01;34m\]\w\[\033[00m\]\$ PYTHONPATH=/home/wasiq/testing_model/my_robotics_arm1/src/build/python_examples/prefix_override:/usr/lib/python3/dist-packages/colcon_core/task/python/colcon_distutils_commands:/home/wasiq/testing_model/my_robotics_arm1/src/install/python_examples/lib/python3.10/site-packages:${PYTHONPATH} /usr/bin/python3 -W ignore:setup.py install is deprecated -W ignore:easy_install command is deprecated setup.py egg_info --egg-base ../../build/python_examples build --build-base /home/wasiq/testing_model/my_robotics_arm1/src/build/python_examples/build install --record /home/wasiq/testing_model/my_robotics_arm1/src/build/python_examples/install.log --single-version-externally-managed install_data
[3.922s] Level 1:colcon.colcon_core.environment:checking '/home/wasiq/testing_model/my_robotics_arm1/src/install/python_examples' for CMake config files
[3.923s] Level 1:colcon.colcon_core.environment:checking '/home/wasiq/testing_model/my_robotics_arm1/src/install/python_examples/lib'
[3.923s] Level 1:colcon.colcon_core.environment:checking '/home/wasiq/testing_model/my_robotics_arm1/src/install/python_examples/bin'
[3.923s] Level 1:colcon.colcon_core.environment:checking '/home/wasiq/testing_model/my_robotics_arm1/src/install/python_examples/lib/pkgconfig/python_examples.pc'
[3.924s] Level 1:colcon.colcon_core.environment:checking '/home/wasiq/testing_model/my_robotics_arm1/src/install/python_examples/lib/python3.10/site-packages'
[3.924s] Level 1:colcon.colcon_core.shell:create_environment_hook('python_examples', 'pythonpath')
[3.924s] INFO:colcon.colcon_core.shell:Creating environment hook '/home/wasiq/testing_model/my_robotics_arm1/src/install/python_examples/share/python_examples/hook/pythonpath.ps1'
[3.925s] INFO:colcon.colcon_core.shell:Creating environment descriptor '/home/wasiq/testing_model/my_robotics_arm1/src/install/python_examples/share/python_examples/hook/pythonpath.dsv'
[3.925s] INFO:colcon.colcon_core.shell:Creating environment hook '/home/wasiq/testing_model/my_robotics_arm1/src/install/python_examples/share/python_examples/hook/pythonpath.sh'
[3.926s] Level 1:colcon.colcon_core.environment:checking '/home/wasiq/testing_model/my_robotics_arm1/src/install/python_examples/bin'
[3.927s] Level 1:colcon.colcon_core.environment:create_environment_scripts_only(python_examples)
[3.927s] INFO:colcon.colcon_core.shell:Creating package script '/home/wasiq/testing_model/my_robotics_arm1/src/install/python_examples/share/python_examples/package.ps1'
[3.928s] INFO:colcon.colcon_core.shell:Creating package descriptor '/home/wasiq/testing_model/my_robotics_arm1/src/install/python_examples/share/python_examples/package.dsv'
[3.929s] INFO:colcon.colcon_core.shell:Creating package script '/home/wasiq/testing_model/my_robotics_arm1/src/install/python_examples/share/python_examples/package.sh'
[3.930s] INFO:colcon.colcon_core.shell:Creating package script '/home/wasiq/testing_model/my_robotics_arm1/src/install/python_examples/share/python_examples/package.bash'
[3.930s] INFO:colcon.colcon_core.shell:Creating package script '/home/wasiq/testing_model/my_robotics_arm1/src/install/python_examples/share/python_examples/package.zsh'
[3.931s] Level 1:colcon.colcon_core.environment:create_file_with_runtime_dependencies(/home/wasiq/testing_model/my_robotics_arm1/src/install/python_examples/share/colcon-core/packages/python_examples)
[4.873s] DEBUG:colcon.colcon_core.event_handler.log_command:Invoked command in '/home/wasiq/testing_model/my_robotics_arm1/src/build/cpp_examples' returned '0': CMAKE_PREFIX_PATH=${CMAKE_PREFIX_PATH}:/home/wasiq/testing_model/my_team_with_poses/install/teleop_twist_keyboard:/home/wasiq/testing_model/my_team_with_poses/install/nav2_simple_commander:/home/wasiq/testing_model/my_team_with_poses/install/detection:/opt/ros/humble DEBUGINFOD_URLS=https://debuginfod.ubuntu.com PS1=${debian_chroot:+($debian_chroot)}\[\033[01;32m\]\u@\h\[\033[00m\]:\[\033[01;34m\]\w\[\033[00m\]\$ /home/wasiq/.local/bin/cmake /home/wasiq/testing_model/my_robotics_arm1/src/pool-thesis-2023-moveit2-examples/cpp_examples -DCMAKE_INSTALL_PREFIX=/home/wasiq/testing_model/my_robotics_arm1/src/install/cpp_examples
[4.876s] DEBUG:colcon.colcon_core.event_handler.log_command:Invoking command in '/home/wasiq/testing_model/my_robotics_arm1/src/build/cpp_examples': CMAKE_PREFIX_PATH=${CMAKE_PREFIX_PATH}:/home/wasiq/testing_model/my_team_with_poses/install/teleop_twist_keyboard:/home/wasiq/testing_model/my_team_with_poses/install/nav2_simple_commander:/home/wasiq/testing_model/my_team_with_poses/install/detection:/opt/ros/humble DEBUGINFOD_URLS=https://debuginfod.ubuntu.com PS1=${debian_chroot:+($debian_chroot)}\[\033[01;32m\]\u@\h\[\033[00m\]:\[\033[01;34m\]\w\[\033[00m\]\$ /home/wasiq/.local/bin/cmake --build /home/wasiq/testing_model/my_robotics_arm1/src/build/cpp_examples -- -j8 -l8
[19.369s] DEBUG:colcon.colcon_core.event_handler.log_command:Invoked command in '/home/wasiq/testing_model/my_robotics_arm1/src/build/cpp_examples' returned '0': CMAKE_PREFIX_PATH=${CMAKE_PREFIX_PATH}:/home/wasiq/testing_model/my_team_with_poses/install/teleop_twist_keyboard:/home/wasiq/testing_model/my_team_with_poses/install/nav2_simple_commander:/home/wasiq/testing_model/my_team_with_poses/install/detection:/opt/ros/humble DEBUGINFOD_URLS=https://debuginfod.ubuntu.com PS1=${debian_chroot:+($debian_chroot)}\[\033[01;32m\]\u@\h\[\033[00m\]:\[\033[01;34m\]\w\[\033[00m\]\$ /home/wasiq/.local/bin/cmake --build /home/wasiq/testing_model/my_robotics_arm1/src/build/cpp_examples -- -j8 -l8
[19.371s] DEBUG:colcon.colcon_core.event_handler.log_command:Invoking command in '/home/wasiq/testing_model/my_robotics_arm1/src/build/cpp_examples': CMAKE_PREFIX_PATH=${CMAKE_PREFIX_PATH}:/home/wasiq/testing_model/my_team_with_poses/install/teleop_twist_keyboard:/home/wasiq/testing_model/my_team_with_poses/install/nav2_simple_commander:/home/wasiq/testing_model/my_team_with_poses/install/detection:/opt/ros/humble DEBUGINFOD_URLS=https://debuginfod.ubuntu.com PS1=${debian_chroot:+($debian_chroot)}\[\033[01;32m\]\u@\h\[\033[00m\]:\[\033[01;34m\]\w\[\033[00m\]\$ /home/wasiq/.local/bin/cmake --install /home/wasiq/testing_model/my_robotics_arm1/src/build/cpp_examples
[19.423s] Level 1:colcon.colcon_core.environment:create_environment_scripts_only(cpp_examples)
[19.424s] Level 1:colcon.colcon_core.environment:checking '/home/wasiq/testing_model/my_robotics_arm1/src/install/cpp_examples' for CMake module files
[19.424s] DEBUG:colcon.colcon_core.event_handler.log_command:Invoked command in '/home/wasiq/testing_model/my_robotics_arm1/src/build/cpp_examples' returned '0': CMAKE_PREFIX_PATH=${CMAKE_PREFIX_PATH}:/home/wasiq/testing_model/my_team_with_poses/install/teleop_twist_keyboard:/home/wasiq/testing_model/my_team_with_poses/install/nav2_simple_commander:/home/wasiq/testing_model/my_team_with_poses/install/detection:/opt/ros/humble DEBUGINFOD_URLS=https://debuginfod.ubuntu.com PS1=${debian_chroot:+($debian_chroot)}\[\033[01;32m\]\u@\h\[\033[00m\]:\[\033[01;34m\]\w\[\033[00m\]\$ /home/wasiq/.local/bin/cmake --install /home/wasiq/testing_model/my_robotics_arm1/src/build/cpp_examples
[19.425s] Level 1:colcon.colcon_core.environment:checking '/home/wasiq/testing_model/my_robotics_arm1/src/install/cpp_examples' for CMake config files
[19.425s] Level 1:colcon.colcon_core.shell:create_environment_hook('cpp_examples', 'cmake_prefix_path')
[19.426s] INFO:colcon.colcon_core.shell:Creating environment hook '/home/wasiq/testing_model/my_robotics_arm1/src/install/cpp_examples/share/cpp_examples/hook/cmake_prefix_path.ps1'
[19.426s] INFO:colcon.colcon_core.shell:Creating environment descriptor '/home/wasiq/testing_model/my_robotics_arm1/src/install/cpp_examples/share/cpp_examples/hook/cmake_prefix_path.dsv'
[19.427s] INFO:colcon.colcon_core.shell:Creating environment hook '/home/wasiq/testing_model/my_robotics_arm1/src/install/cpp_examples/share/cpp_examples/hook/cmake_prefix_path.sh'
[19.427s] Level 1:colcon.colcon_core.environment:checking '/home/wasiq/testing_model/my_robotics_arm1/src/install/cpp_examples/lib'
[19.427s] Level 1:colcon.colcon_core.environment:checking '/home/wasiq/testing_model/my_robotics_arm1/src/install/cpp_examples/bin'
[19.427s] Level 1:colcon.colcon_core.environment:checking '/home/wasiq/testing_model/my_robotics_arm1/src/install/cpp_examples/lib/pkgconfig/cpp_examples.pc'
[19.428s] Level 1:colcon.colcon_core.environment:checking '/home/wasiq/testing_model/my_robotics_arm1/src/install/cpp_examples/lib/python3.10/site-packages'
[19.428s] Level 1:colcon.colcon_core.environment:checking '/home/wasiq/testing_model/my_robotics_arm1/src/install/cpp_examples/bin'
[19.429s] INFO:colcon.colcon_core.shell:Creating package script '/home/wasiq/testing_model/my_robotics_arm1/src/install/cpp_examples/share/cpp_examples/package.ps1'
[19.429s] INFO:colcon.colcon_core.shell:Creating package descriptor '/home/wasiq/testing_model/my_robotics_arm1/src/install/cpp_examples/share/cpp_examples/package.dsv'
[19.430s] INFO:colcon.colcon_core.shell:Creating package script '/home/wasiq/testing_model/my_robotics_arm1/src/install/cpp_examples/share/cpp_examples/package.sh'
[19.430s] INFO:colcon.colcon_core.shell:Creating package script '/home/wasiq/testing_model/my_robotics_arm1/src/install/cpp_examples/share/cpp_examples/package.bash'
[19.431s] INFO:colcon.colcon_core.shell:Creating package script '/home/wasiq/testing_model/my_robotics_arm1/src/install/cpp_examples/share/cpp_examples/package.zsh'
[19.431s] Level 1:colcon.colcon_core.environment:create_file_with_runtime_dependencies(/home/wasiq/testing_model/my_robotics_arm1/src/install/cpp_examples/share/colcon-core/packages/cpp_examples)
[19.432s] Level 1:colcon.colcon_core.environment:create_environment_scripts_only(cpp_examples)
[19.433s] Level 1:colcon.colcon_core.environment:checking '/home/wasiq/testing_model/my_robotics_arm1/src/install/cpp_examples' for CMake module files
[19.433s] Level 1:colcon.colcon_core.environment:checking '/home/wasiq/testing_model/my_robotics_arm1/src/install/cpp_examples' for CMake config files
[19.434s] Level 1:colcon.colcon_core.shell:create_environment_hook('cpp_examples', 'cmake_prefix_path')
[19.434s] INFO:colcon.colcon_core.shell:Creating environment hook '/home/wasiq/testing_model/my_robotics_arm1/src/install/cpp_examples/share/cpp_examples/hook/cmake_prefix_path.ps1'
[19.435s] INFO:colcon.colcon_core.shell:Creating environment descriptor '/home/wasiq/testing_model/my_robotics_arm1/src/install/cpp_examples/share/cpp_examples/hook/cmake_prefix_path.dsv'
[19.435s] INFO:colcon.colcon_core.shell:Creating environment hook '/home/wasiq/testing_model/my_robotics_arm1/src/install/cpp_examples/share/cpp_examples/hook/cmake_prefix_path.sh'
[19.436s] Level 1:colcon.colcon_core.environment:checking '/home/wasiq/testing_model/my_robotics_arm1/src/install/cpp_examples/lib'
[19.437s] Level 1:colcon.colcon_core.environment:checking '/home/wasiq/testing_model/my_robotics_arm1/src/install/cpp_examples/bin'
[19.437s] Level 1:colcon.colcon_core.environment:checking '/home/wasiq/testing_model/my_robotics_arm1/src/install/cpp_examples/lib/pkgconfig/cpp_examples.pc'
[19.437s] Level 1:colcon.colcon_core.environment:checking '/home/wasiq/testing_model/my_robotics_arm1/src/install/cpp_examples/lib/python3.10/site-packages'
[19.437s] Level 1:colcon.colcon_core.environment:checking '/home/wasiq/testing_model/my_robotics_arm1/src/install/cpp_examples/bin'
[19.438s] INFO:colcon.colcon_core.shell:Creating package script '/home/wasiq/testing_model/my_robotics_arm1/src/install/cpp_examples/share/cpp_examples/package.ps1'
[19.439s] INFO:colcon.colcon_core.shell:Creating package descriptor '/home/wasiq/testing_model/my_robotics_arm1/src/install/cpp_examples/share/cpp_examples/package.dsv'
[19.439s] INFO:colcon.colcon_core.shell:Creating package script '/home/wasiq/testing_model/my_robotics_arm1/src/install/cpp_examples/share/cpp_examples/package.sh'
[19.440s] INFO:colcon.colcon_core.shell:Creating package script '/home/wasiq/testing_model/my_robotics_arm1/src/install/cpp_examples/share/cpp_examples/package.bash'
[19.440s] INFO:colcon.colcon_core.shell:Creating package script '/home/wasiq/testing_model/my_robotics_arm1/src/install/cpp_examples/share/cpp_examples/package.zsh'
[19.441s] Level 1:colcon.colcon_core.environment:create_file_with_runtime_dependencies(/home/wasiq/testing_model/my_robotics_arm1/src/install/cpp_examples/share/colcon-core/packages/cpp_examples)
[19.442s] DEBUG:colcon.colcon_parallel_executor.executor.parallel:closing loop
[19.442s] DEBUG:colcon.colcon_parallel_executor.executor.parallel:loop closed
[19.442s] DEBUG:colcon.colcon_parallel_executor.executor.parallel:run_until_complete finished with '0'
[19.442s] DEBUG:colcon.colcon_core.event_reactor:joining thread
[19.449s] INFO:colcon.colcon_core.plugin_system:Skipping extension 'colcon_notification.desktop_notification.terminal_notifier': Not used on non-Darwin systems
[19.449s] INFO:colcon.colcon_core.plugin_system:Skipping extension 'colcon_notification.desktop_notification.win32': Not used on non-Windows systems
[19.449s] INFO:colcon.colcon_notification.desktop_notification:Sending desktop notification using 'notify2'
[19.464s] DEBUG:colcon.colcon_core.event_reactor:joined thread
[19.464s] INFO:colcon.colcon_core.shell:Creating prefix script '/home/wasiq/testing_model/my_robotics_arm1/src/install/local_setup.ps1'
[19.466s] INFO:colcon.colcon_core.shell:Creating prefix util module '/home/wasiq/testing_model/my_robotics_arm1/src/install/_local_setup_util_ps1.py'
[19.468s] INFO:colcon.colcon_core.shell:Creating prefix chain script '/home/wasiq/testing_model/my_robotics_arm1/src/install/setup.ps1'
[19.471s] INFO:colcon.colcon_core.shell:Creating prefix script '/home/wasiq/testing_model/my_robotics_arm1/src/install/local_setup.sh'
[19.472s] INFO:colcon.colcon_core.shell:Creating prefix util module '/home/wasiq/testing_model/my_robotics_arm1/src/install/_local_setup_util_sh.py'
[19.473s] INFO:colcon.colcon_core.shell:Creating prefix chain script '/home/wasiq/testing_model/my_robotics_arm1/src/install/setup.sh'
[19.476s] INFO:colcon.colcon_core.shell:Creating prefix script '/home/wasiq/testing_model/my_robotics_arm1/src/install/local_setup.bash'
[19.477s] INFO:colcon.colcon_core.shell:Creating prefix chain script '/home/wasiq/testing_model/my_robotics_arm1/src/install/setup.bash'
[19.479s] INFO:colcon.colcon_core.shell:Creating prefix script '/home/wasiq/testing_model/my_robotics_arm1/src/install/local_setup.zsh'
[19.480s] INFO:colcon.colcon_core.shell:Creating prefix chain script '/home/wasiq/testing_model/my_robotics_arm1/src/install/setup.zsh'
