[0.015s] Invoking command in '/home/wasiq/testing_model/my_robotics_arm1/src/build/fanuc_moveit_config': AMENT_PREFIX_PATH=/home/wasiq/testing_model/my_robotics_arm1/src/install/fanuc_description:${AMENT_PREFIX_PATH} CMAKE_PREFIX_PATH=/home/wasiq/testing_model/my_robotics_arm1/src/install/fanuc_description:/home/wasiq/testing_model/my_team_with_poses/install/yolobot_recognition:/home/wasiq/testing_model/my_team_with_poses/install/slam_gmapping:/home/wasiq/testing_model/my_team_with_poses/install/robot_localization:/home/wasiq/testing_model/my_team_with_poses/install/openslam_gmapping:/home/wasiq/testing_model/my_team_with_poses/install/neuronbot2_slam:/home/wasiq/testing_model/my_team_with_poses/install/neuronbot2_nav:/home/wasiq/testing_model/my_team_with_poses/install/megabot_nav:/home/wasiq/testing_model/my_team_with_poses/install/nav2_bringup:/home/wasiq/testing_model/my_team_with_poses/install/megabot:/home/wasiq/testing_model/my_team_with_poses/install/geographic_info:/home/wasiq/testing_model/my_team_with_poses/install/geodesy:/home/wasiq/testing_model/my_team_with_poses/install/geographic_msgs:/home/wasiq/testing_model/my_team_with_poses/install/bt_ros2:/home/wasiq/testing_model/my_team_with_poses/install/aws_robomaker_small_warehouse_world:/home/wasiq/testing_model/my_team_with_poses/install/teleop_twist_keyboard:/home/wasiq/testing_model/my_team_with_poses/install/nav2_simple_commander:/home/wasiq/testing_model/my_team_with_poses/install/detection:/opt/ros/humble DEBUGINFOD_URLS=https://debuginfod.ubuntu.com PS1=${debian_chroot:+($debian_chroot)}\[\033[01;32m\]\u@\h\[\033[00m\]:\[\033[01;34m\]\w\[\033[00m\]\$ /home/wasiq/.local/bin/cmake /home/wasiq/testing_model/my_robotics_arm1/src/fanuc_moveit_config -DCMAKE_INSTALL_PREFIX=/home/wasiq/testing_model/my_robotics_arm1/src/install/fanuc_moveit_config
[0.126s] -- The C compiler identification is GNU 11.4.0
[0.236s] -- The CXX compiler identification is GNU 11.4.0
[0.273s] -- Detecting C compiler ABI info
[0.354s] -- Detecting C compiler ABI info - done
[0.384s] -- Check for working C compiler: /usr/lib/ccache/gcc - skipped
[0.384s] -- Detecting C compile features
[0.385s] -- Detecting C compile features - done
[0.404s] -- Detecting CXX compiler ABI info
[0.503s] -- Detecting CXX compiler ABI info - done
[0.535s] -- Check for working CXX compiler: /usr/lib/ccache/g++ - skipped
[0.535s] -- Detecting CXX compile features
[0.536s] -- Detecting CXX compile features - done
[0.541s] -- Found ament_cmake: 1.3.11 (/opt/ros/humble/share/ament_cmake/cmake)
[0.765s] -- Found Python3: /usr/bin/python3 (found version "3.10.12") found components: Interpreter 
[1.091s] -- Configuring done (1.0s)
[1.095s] -- Generating done (0.0s)
[1.097s] -- Build files have been written to: /home/wasiq/testing_model/my_robotics_arm1/src/build/fanuc_moveit_config
[1.108s] Invoked command in '/home/wasiq/testing_model/my_robotics_arm1/src/build/fanuc_moveit_config' returned '0': AMENT_PREFIX_PATH=/home/wasiq/testing_model/my_robotics_arm1/src/install/fanuc_description:${AMENT_PREFIX_PATH} CMAKE_PREFIX_PATH=/home/wasiq/testing_model/my_robotics_arm1/src/install/fanuc_description:/home/wasiq/testing_model/my_team_with_poses/install/yolobot_recognition:/home/wasiq/testing_model/my_team_with_poses/install/slam_gmapping:/home/wasiq/testing_model/my_team_with_poses/install/robot_localization:/home/wasiq/testing_model/my_team_with_poses/install/openslam_gmapping:/home/wasiq/testing_model/my_team_with_poses/install/neuronbot2_slam:/home/wasiq/testing_model/my_team_with_poses/install/neuronbot2_nav:/home/wasiq/testing_model/my_team_with_poses/install/megabot_nav:/home/wasiq/testing_model/my_team_with_poses/install/nav2_bringup:/home/wasiq/testing_model/my_team_with_poses/install/megabot:/home/wasiq/testing_model/my_team_with_poses/install/geographic_info:/home/wasiq/testing_model/my_team_with_poses/install/geodesy:/home/wasiq/testing_model/my_team_with_poses/install/geographic_msgs:/home/wasiq/testing_model/my_team_with_poses/install/bt_ros2:/home/wasiq/testing_model/my_team_with_poses/install/aws_robomaker_small_warehouse_world:/home/wasiq/testing_model/my_team_with_poses/install/teleop_twist_keyboard:/home/wasiq/testing_model/my_team_with_poses/install/nav2_simple_commander:/home/wasiq/testing_model/my_team_with_poses/install/detection:/opt/ros/humble DEBUGINFOD_URLS=https://debuginfod.ubuntu.com PS1=${debian_chroot:+($debian_chroot)}\[\033[01;32m\]\u@\h\[\033[00m\]:\[\033[01;34m\]\w\[\033[00m\]\$ /home/wasiq/.local/bin/cmake /home/wasiq/testing_model/my_robotics_arm1/src/fanuc_moveit_config -DCMAKE_INSTALL_PREFIX=/home/wasiq/testing_model/my_robotics_arm1/src/install/fanuc_moveit_config
[1.112s] Invoking command in '/home/wasiq/testing_model/my_robotics_arm1/src/build/fanuc_moveit_config': AMENT_PREFIX_PATH=/home/wasiq/testing_model/my_robotics_arm1/src/install/fanuc_description:${AMENT_PREFIX_PATH} CMAKE_PREFIX_PATH=/home/wasiq/testing_model/my_robotics_arm1/src/install/fanuc_description:/home/wasiq/testing_model/my_team_with_poses/install/yolobot_recognition:/home/wasiq/testing_model/my_team_with_poses/install/slam_gmapping:/home/wasiq/testing_model/my_team_with_poses/install/robot_localization:/home/wasiq/testing_model/my_team_with_poses/install/openslam_gmapping:/home/wasiq/testing_model/my_team_with_poses/install/neuronbot2_slam:/home/wasiq/testing_model/my_team_with_poses/install/neuronbot2_nav:/home/wasiq/testing_model/my_team_with_poses/install/megabot_nav:/home/wasiq/testing_model/my_team_with_poses/install/nav2_bringup:/home/wasiq/testing_model/my_team_with_poses/install/megabot:/home/wasiq/testing_model/my_team_with_poses/install/geographic_info:/home/wasiq/testing_model/my_team_with_poses/install/geodesy:/home/wasiq/testing_model/my_team_with_poses/install/geographic_msgs:/home/wasiq/testing_model/my_team_with_poses/install/bt_ros2:/home/wasiq/testing_model/my_team_with_poses/install/aws_robomaker_small_warehouse_world:/home/wasiq/testing_model/my_team_with_poses/install/teleop_twist_keyboard:/home/wasiq/testing_model/my_team_with_poses/install/nav2_simple_commander:/home/wasiq/testing_model/my_team_with_poses/install/detection:/opt/ros/humble DEBUGINFOD_URLS=https://debuginfod.ubuntu.com PS1=${debian_chroot:+($debian_chroot)}\[\033[01;32m\]\u@\h\[\033[00m\]:\[\033[01;34m\]\w\[\033[00m\]\$ /home/wasiq/.local/bin/cmake --build /home/wasiq/testing_model/my_robotics_arm1/src/build/fanuc_moveit_config -- -j8 -l8
[1.175s] Invoked command in '/home/wasiq/testing_model/my_robotics_arm1/src/build/fanuc_moveit_config' returned '0': AMENT_PREFIX_PATH=/home/wasiq/testing_model/my_robotics_arm1/src/install/fanuc_description:${AMENT_PREFIX_PATH} CMAKE_PREFIX_PATH=/home/wasiq/testing_model/my_robotics_arm1/src/install/fanuc_description:/home/wasiq/testing_model/my_team_with_poses/install/yolobot_recognition:/home/wasiq/testing_model/my_team_with_poses/install/slam_gmapping:/home/wasiq/testing_model/my_team_with_poses/install/robot_localization:/home/wasiq/testing_model/my_team_with_poses/install/openslam_gmapping:/home/wasiq/testing_model/my_team_with_poses/install/neuronbot2_slam:/home/wasiq/testing_model/my_team_with_poses/install/neuronbot2_nav:/home/wasiq/testing_model/my_team_with_poses/install/megabot_nav:/home/wasiq/testing_model/my_team_with_poses/install/nav2_bringup:/home/wasiq/testing_model/my_team_with_poses/install/megabot:/home/wasiq/testing_model/my_team_with_poses/install/geographic_info:/home/wasiq/testing_model/my_team_with_poses/install/geodesy:/home/wasiq/testing_model/my_team_with_poses/install/geographic_msgs:/home/wasiq/testing_model/my_team_with_poses/install/bt_ros2:/home/wasiq/testing_model/my_team_with_poses/install/aws_robomaker_small_warehouse_world:/home/wasiq/testing_model/my_team_with_poses/install/teleop_twist_keyboard:/home/wasiq/testing_model/my_team_with_poses/install/nav2_simple_commander:/home/wasiq/testing_model/my_team_with_poses/install/detection:/opt/ros/humble DEBUGINFOD_URLS=https://debuginfod.ubuntu.com PS1=${debian_chroot:+($debian_chroot)}\[\033[01;32m\]\u@\h\[\033[00m\]:\[\033[01;34m\]\w\[\033[00m\]\$ /home/wasiq/.local/bin/cmake --build /home/wasiq/testing_model/my_robotics_arm1/src/build/fanuc_moveit_config -- -j8 -l8
[1.177s] Invoking command in '/home/wasiq/testing_model/my_robotics_arm1/src/build/fanuc_moveit_config': AMENT_PREFIX_PATH=/home/wasiq/testing_model/my_robotics_arm1/src/install/fanuc_description:${AMENT_PREFIX_PATH} CMAKE_PREFIX_PATH=/home/wasiq/testing_model/my_robotics_arm1/src/install/fanuc_description:/home/wasiq/testing_model/my_team_with_poses/install/yolobot_recognition:/home/wasiq/testing_model/my_team_with_poses/install/slam_gmapping:/home/wasiq/testing_model/my_team_with_poses/install/robot_localization:/home/wasiq/testing_model/my_team_with_poses/install/openslam_gmapping:/home/wasiq/testing_model/my_team_with_poses/install/neuronbot2_slam:/home/wasiq/testing_model/my_team_with_poses/install/neuronbot2_nav:/home/wasiq/testing_model/my_team_with_poses/install/megabot_nav:/home/wasiq/testing_model/my_team_with_poses/install/nav2_bringup:/home/wasiq/testing_model/my_team_with_poses/install/megabot:/home/wasiq/testing_model/my_team_with_poses/install/geographic_info:/home/wasiq/testing_model/my_team_with_poses/install/geodesy:/home/wasiq/testing_model/my_team_with_poses/install/geographic_msgs:/home/wasiq/testing_model/my_team_with_poses/install/bt_ros2:/home/wasiq/testing_model/my_team_with_poses/install/aws_robomaker_small_warehouse_world:/home/wasiq/testing_model/my_team_with_poses/install/teleop_twist_keyboard:/home/wasiq/testing_model/my_team_with_poses/install/nav2_simple_commander:/home/wasiq/testing_model/my_team_with_poses/install/detection:/opt/ros/humble DEBUGINFOD_URLS=https://debuginfod.ubuntu.com PS1=${debian_chroot:+($debian_chroot)}\[\033[01;32m\]\u@\h\[\033[00m\]:\[\033[01;34m\]\w\[\033[00m\]\$ /home/wasiq/.local/bin/cmake --install /home/wasiq/testing_model/my_robotics_arm1/src/build/fanuc_moveit_config
[1.226s] -- Install configuration: ""
[1.226s] -- Installing: /home/wasiq/testing_model/my_robotics_arm1/src/install/fanuc_moveit_config/share/ament_index/resource_index/package_run_dependencies/fanuc_moveit_config
[1.226s] -- Installing: /home/wasiq/testing_model/my_robotics_arm1/src/install/fanuc_moveit_config/share/ament_index/resource_index/parent_prefix_path/fanuc_moveit_config
[1.226s] -- Installing: /home/wasiq/testing_model/my_robotics_arm1/src/install/fanuc_moveit_config/share/fanuc_moveit_config/environment/ament_prefix_path.sh
[1.227s] -- Installing: /home/wasiq/testing_model/my_robotics_arm1/src/install/fanuc_moveit_config/share/fanuc_moveit_config/environment/ament_prefix_path.dsv
[1.227s] -- Installing: /home/wasiq/testing_model/my_robotics_arm1/src/install/fanuc_moveit_config/share/fanuc_moveit_config/environment/path.sh
[1.227s] -- Installing: /home/wasiq/testing_model/my_robotics_arm1/src/install/fanuc_moveit_config/share/fanuc_moveit_config/environment/path.dsv
[1.227s] -- Installing: /home/wasiq/testing_model/my_robotics_arm1/src/install/fanuc_moveit_config/share/fanuc_moveit_config/local_setup.bash
[1.228s] -- Installing: /home/wasiq/testing_model/my_robotics_arm1/src/install/fanuc_moveit_config/share/fanuc_moveit_config/local_setup.sh
[1.228s] -- Installing: /home/wasiq/testing_model/my_robotics_arm1/src/install/fanuc_moveit_config/share/fanuc_moveit_config/local_setup.zsh
[1.228s] -- Installing: /home/wasiq/testing_model/my_robotics_arm1/src/install/fanuc_moveit_config/share/fanuc_moveit_config/local_setup.dsv
[1.228s] -- Installing: /home/wasiq/testing_model/my_robotics_arm1/src/install/fanuc_moveit_config/share/fanuc_moveit_config/package.dsv
[1.229s] -- Installing: /home/wasiq/testing_model/my_robotics_arm1/src/install/fanuc_moveit_config/share/ament_index/resource_index/packages/fanuc_moveit_config
[1.229s] -- Installing: /home/wasiq/testing_model/my_robotics_arm1/src/install/fanuc_moveit_config/share/fanuc_moveit_config/cmake/fanuc_moveit_configConfig.cmake
[1.229s] -- Installing: /home/wasiq/testing_model/my_robotics_arm1/src/install/fanuc_moveit_config/share/fanuc_moveit_config/cmake/fanuc_moveit_configConfig-version.cmake
[1.229s] -- Installing: /home/wasiq/testing_model/my_robotics_arm1/src/install/fanuc_moveit_config/share/fanuc_moveit_config/package.xml
[1.230s] -- Installing: /home/wasiq/testing_model/my_robotics_arm1/src/install/fanuc_moveit_config/share/fanuc_moveit_config/launch
[1.230s] -- Installing: /home/wasiq/testing_model/my_robotics_arm1/src/install/fanuc_moveit_config/share/fanuc_moveit_config/launch/demo.launch.py
[1.230s] -- Installing: /home/wasiq/testing_model/my_robotics_arm1/src/install/fanuc_moveit_config/share/fanuc_moveit_config/launch/moveit_rviz.launch.py
[1.230s] -- Installing: /home/wasiq/testing_model/my_robotics_arm1/src/install/fanuc_moveit_config/share/fanuc_moveit_config/launch/moveit_empty.rviz
[1.230s] -- Installing: /home/wasiq/testing_model/my_robotics_arm1/src/install/fanuc_moveit_config/share/fanuc_moveit_config/launch/moveit.rviz
[1.231s] -- Installing: /home/wasiq/testing_model/my_robotics_arm1/src/install/fanuc_moveit_config/share/fanuc_moveit_config/config
[1.231s] -- Installing: /home/wasiq/testing_model/my_robotics_arm1/src/install/fanuc_moveit_config/share/fanuc_moveit_config/config/kinematics.yaml
[1.231s] -- Installing: /home/wasiq/testing_model/my_robotics_arm1/src/install/fanuc_moveit_config/share/fanuc_moveit_config/config/sensors_3d.yaml
[1.232s] -- Installing: /home/wasiq/testing_model/my_robotics_arm1/src/install/fanuc_moveit_config/share/fanuc_moveit_config/config/fanuc.srdf
[1.232s] -- Installing: /home/wasiq/testing_model/my_robotics_arm1/src/install/fanuc_moveit_config/share/fanuc_moveit_config/config/fanuc.urdf.xacro
[1.233s] -- Installing: /home/wasiq/testing_model/my_robotics_arm1/src/install/fanuc_moveit_config/share/fanuc_moveit_config/config/pilz_cartesian_limits.yaml
[1.233s] -- Installing: /home/wasiq/testing_model/my_robotics_arm1/src/install/fanuc_moveit_config/share/fanuc_moveit_config/config/initial_positions.yaml
[1.234s] -- Installing: /home/wasiq/testing_model/my_robotics_arm1/src/install/fanuc_moveit_config/share/fanuc_moveit_config/config/ros2_controllers.yaml
[1.235s] -- Installing: /home/wasiq/testing_model/my_robotics_arm1/src/install/fanuc_moveit_config/share/fanuc_moveit_config/config/fanuc.ros2_control.xacro
[1.235s] -- Installing: /home/wasiq/testing_model/my_robotics_arm1/src/install/fanuc_moveit_config/share/fanuc_moveit_config/config/moveit_controllers.yaml
[1.236s] -- Installing: /home/wasiq/testing_model/my_robotics_arm1/src/install/fanuc_moveit_config/share/fanuc_moveit_config/config/moveit.rviz
[1.236s] -- Installing: /home/wasiq/testing_model/my_robotics_arm1/src/install/fanuc_moveit_config/share/fanuc_moveit_config/config/joint_limits.yaml
[1.236s] -- Installing: /home/wasiq/testing_model/my_robotics_arm1/src/install/fanuc_moveit_config/share/fanuc_moveit_config/.setup_assistant
[1.246s] Invoked command in '/home/wasiq/testing_model/my_robotics_arm1/src/build/fanuc_moveit_config' returned '0': AMENT_PREFIX_PATH=/home/wasiq/testing_model/my_robotics_arm1/src/install/fanuc_description:${AMENT_PREFIX_PATH} CMAKE_PREFIX_PATH=/home/wasiq/testing_model/my_robotics_arm1/src/install/fanuc_description:/home/wasiq/testing_model/my_team_with_poses/install/yolobot_recognition:/home/wasiq/testing_model/my_team_with_poses/install/slam_gmapping:/home/wasiq/testing_model/my_team_with_poses/install/robot_localization:/home/wasiq/testing_model/my_team_with_poses/install/openslam_gmapping:/home/wasiq/testing_model/my_team_with_poses/install/neuronbot2_slam:/home/wasiq/testing_model/my_team_with_poses/install/neuronbot2_nav:/home/wasiq/testing_model/my_team_with_poses/install/megabot_nav:/home/wasiq/testing_model/my_team_with_poses/install/nav2_bringup:/home/wasiq/testing_model/my_team_with_poses/install/megabot:/home/wasiq/testing_model/my_team_with_poses/install/geographic_info:/home/wasiq/testing_model/my_team_with_poses/install/geodesy:/home/wasiq/testing_model/my_team_with_poses/install/geographic_msgs:/home/wasiq/testing_model/my_team_with_poses/install/bt_ros2:/home/wasiq/testing_model/my_team_with_poses/install/aws_robomaker_small_warehouse_world:/home/wasiq/testing_model/my_team_with_poses/install/teleop_twist_keyboard:/home/wasiq/testing_model/my_team_with_poses/install/nav2_simple_commander:/home/wasiq/testing_model/my_team_with_poses/install/detection:/opt/ros/humble DEBUGINFOD_URLS=https://debuginfod.ubuntu.com PS1=${debian_chroot:+($debian_chroot)}\[\033[01;32m\]\u@\h\[\033[00m\]:\[\033[01;34m\]\w\[\033[00m\]\$ /home/wasiq/.local/bin/cmake --install /home/wasiq/testing_model/my_robotics_arm1/src/build/fanuc_moveit_config
