[0.030s] Invoking command in '/home/wasiq/testing_model/my_robotics_arm1/src/build/cpp_examples': CMAKE_PREFIX_PATH=${CMAKE_PREFIX_PATH}:/home/wasiq/testing_model/my_team_with_poses/install/teleop_twist_keyboard:/home/wasiq/testing_model/my_team_with_poses/install/nav2_simple_commander:/home/wasiq/testing_model/my_team_with_poses/install/detection:/opt/ros/humble DEBUGINFOD_URLS=https://debuginfod.ubuntu.com PS1=${debian_chroot:+($debian_chroot)}\[\033[01;32m\]\u@\h\[\033[00m\]:\[\033[01;34m\]\w\[\033[00m\]\$ /home/wasiq/.local/bin/cmake /home/wasiq/testing_model/my_robotics_arm1/src/pool-thesis-2023-moveit2-examples/cpp_examples -DCMAKE_INSTALL_PREFIX=/home/wasiq/testing_model/my_robotics_arm1/src/install/cpp_examples
[0.160s] -- The C compiler identification is GNU 11.4.0
[0.310s] -- The CXX compiler identification is GNU 11.4.0
[0.356s] -- Detecting C compiler ABI info
[0.456s] -- Detecting C compiler ABI info - done
[0.476s] -- Check for working C compiler: /usr/lib/ccache/gcc - skipped
[0.477s] -- Detecting C compile features
[0.479s] -- Detecting C compile features - done
[0.501s] -- Detecting CXX compiler ABI info
[0.605s] -- Detecting CXX compiler ABI info - done
[0.639s] -- Check for working CXX compiler: /usr/lib/ccache/g++ - skipped
[0.639s] -- Detecting CXX compile features
[0.640s] -- Detecting CXX compile features - done
[0.655s] -- Found ament_cmake: 1.3.11 (/opt/ros/humble/share/ament_cmake/cmake)
[0.890s] -- Found Python3: /usr/bin/python3 (found version "3.10.12") found components: Interpreter 
[1.094s] -- Found moveit_ros_planning_interface: 2.5.9 (/opt/ros/humble/share/moveit_ros_planning_interface/cmake)
[1.284s] -- Found Boost: /usr/lib/x86_64-linux-gnu/cmake/Boost-1.74.0/BoostConfig.cmake (found version "1.74.0") found components: date_time filesystem program_options system thread 
[1.450s] -- Found rosidl_generator_c: 3.1.6 (/opt/ros/humble/share/rosidl_generator_c/cmake)
[1.469s] -- Found rosidl_adapter: 3.1.6 (/opt/ros/humble/share/rosidl_adapter/cmake)
[1.497s] -- Found rosidl_generator_cpp: 3.1.6 (/opt/ros/humble/share/rosidl_generator_cpp/cmake)
[1.542s] -- Using all available rosidl_typesupport_c: rosidl_typesupport_fastrtps_c;rosidl_typesupport_introspection_c
[1.589s] -- Using all available rosidl_typesupport_cpp: rosidl_typesupport_fastrtps_cpp;rosidl_typesupport_introspection_cpp
[2.274s] -- Found Boost: /usr/lib/x86_64-linux-gnu/cmake/Boost-1.74.0/BoostConfig.cmake (found version "1.74.0") found components: chrono date_time filesystem iostreams program_options regex serialization system thread 
[2.453s] -- Found parameter_traits: 0.4.0 (/opt/ros/humble/share/parameter_traits/cmake)
[2.627s] -- Found rmw_implementation_cmake: 6.1.2 (/opt/ros/humble/share/rmw_implementation_cmake/cmake)
[2.640s] -- Found rmw_cyclonedds_cpp: 1.3.4 (/opt/ros/humble/share/rmw_cyclonedds_cpp/cmake)
[2.733s] -- Using RMW implementation 'rmw_cyclonedds_cpp' as default
[2.771s] -- Found Threads: TRUE  
[2.900s] -- Found rclcpp_lifecycle: 16.0.12 (/opt/ros/humble/share/rclcpp_lifecycle/cmake)
[2.967s] -- Found Boost: /usr/lib/x86_64-linux-gnu/cmake/Boost-1.74.0/BoostConfig.cmake (found version "1.74.0") found components: filesystem 
[3.168s] -- library: /usr/lib/x86_64-linux-gnu/libcurl.so
[3.276s] -- Found Eigen3: TRUE (found version "3.4.0") 
[3.276s] -- Ensuring Eigen3 include directory is part of orocos-kdl CMake target
[3.673s] -- Found Boost: /usr/lib/x86_64-linux-gnu/cmake/Boost-1.74.0/BoostConfig.cmake (found version "1.74.0") found components: system filesystem date_time program_options thread chrono 
[3.757s] -- Found Boost: /usr/lib/x86_64-linux-gnu/cmake/Boost-1.74.0/BoostConfig.cmake (found version "1.74.0") found components: thread system filesystem regex date_time program_options 
[3.888s] -- Found Boost: /usr/lib/x86_64-linux-gnu/cmake/Boost-1.74.0/BoostConfig.cmake (found version "1.74.0") found components: system filesystem date_time program_options thread 
[3.973s] -- Found ament_lint_auto: 0.12.12 (/opt/ros/humble/share/ament_lint_auto/cmake)
[4.103s] -- Added test 'cppcheck' to perform static code analysis on C / C++ code
[4.103s] -- Configured cppcheck include dirs: $<BUILD_INTERFACE:/home/wasiq/testing_model/my_robotics_arm1/src/pool-thesis-2023-moveit2-examples/cpp_examples/include>
[4.104s] -- Configured cppcheck exclude dirs and/or files: 
[4.107s] -- Added test 'lint_cmake' to check CMake code style
[4.110s] -- Added test 'uncrustify' to check C / C++ code style
[4.110s] -- Configured uncrustify additional arguments: 
[4.111s] -- Added test 'xmllint' to check XML markup files
[4.114s] -- Configuring done (4.0s)
[4.275s] -- Generating done (0.1s)
[4.312s] -- Build files have been written to: /home/wasiq/testing_model/my_robotics_arm1/src/build/cpp_examples
[4.343s] Invoked command in '/home/wasiq/testing_model/my_robotics_arm1/src/build/cpp_examples' returned '0': CMAKE_PREFIX_PATH=${CMAKE_PREFIX_PATH}:/home/wasiq/testing_model/my_team_with_poses/install/teleop_twist_keyboard:/home/wasiq/testing_model/my_team_with_poses/install/nav2_simple_commander:/home/wasiq/testing_model/my_team_with_poses/install/detection:/opt/ros/humble DEBUGINFOD_URLS=https://debuginfod.ubuntu.com PS1=${debian_chroot:+($debian_chroot)}\[\033[01;32m\]\u@\h\[\033[00m\]:\[\033[01;34m\]\w\[\033[00m\]\$ /home/wasiq/.local/bin/cmake /home/wasiq/testing_model/my_robotics_arm1/src/pool-thesis-2023-moveit2-examples/cpp_examples -DCMAKE_INSTALL_PREFIX=/home/wasiq/testing_model/my_robotics_arm1/src/install/cpp_examples
[4.346s] Invoking command in '/home/wasiq/testing_model/my_robotics_arm1/src/build/cpp_examples': CMAKE_PREFIX_PATH=${CMAKE_PREFIX_PATH}:/home/wasiq/testing_model/my_team_with_poses/install/teleop_twist_keyboard:/home/wasiq/testing_model/my_team_with_poses/install/nav2_simple_commander:/home/wasiq/testing_model/my_team_with_poses/install/detection:/opt/ros/humble DEBUGINFOD_URLS=https://debuginfod.ubuntu.com PS1=${debian_chroot:+($debian_chroot)}\[\033[01;32m\]\u@\h\[\033[00m\]:\[\033[01;34m\]\w\[\033[00m\]\$ /home/wasiq/.local/bin/cmake --build /home/wasiq/testing_model/my_robotics_arm1/src/build/cpp_examples -- -j8 -l8
[4.436s] [ 25%] [32mBuilding CXX object CMakeFiles/gripper_open.dir/src/gripper_open.cpp.o[0m
[4.436s] [ 25%] [32mBuilding CXX object CMakeFiles/joint_goal.dir/src/joint_goal.cpp.o[0m
[4.436s] [ 25%] [32mBuilding CXX object CMakeFiles/pose_goal.dir/src/pose_goal.cpp.o[0m
[4.436s] [ 33%] [32mBuilding CXX object CMakeFiles/named_goal.dir/src/named_goal.cpp.o[0m
[4.439s] [ 41%] [32mBuilding CXX object CMakeFiles/cartesian_path.dir/src/cartesian_path.cpp.o[0m
[4.442s] [ 50%] [32mBuilding CXX object CMakeFiles/gripper_joint_value.dir/src/gripper_joint_value.cpp.o[0m
[4.488s] [ 58%] [32m[1mLinking CXX executable named_goal[0m
[4.494s] [ 66%] [32m[1mLinking CXX executable joint_goal[0m
[4.505s] [ 75%] [32m[1mLinking CXX executable gripper_joint_value[0m
[5.213s] [ 75%] Built target gripper_joint_value
[5.225s] [ 75%] Built target named_goal
[5.225s] [ 75%] Built target joint_goal
[17.547s] [ 83%] [32m[1mLinking CXX executable pose_goal[0m
[17.581s] [ 91%] [32m[1mLinking CXX executable gripper_open[0m
[17.946s] [ 91%] Built target pose_goal
[18.003s] [ 91%] Built target gripper_open
[18.428s] [100%] [32m[1mLinking CXX executable cartesian_path[0m
[18.828s] [100%] Built target cartesian_path
[18.839s] Invoked command in '/home/wasiq/testing_model/my_robotics_arm1/src/build/cpp_examples' returned '0': CMAKE_PREFIX_PATH=${CMAKE_PREFIX_PATH}:/home/wasiq/testing_model/my_team_with_poses/install/teleop_twist_keyboard:/home/wasiq/testing_model/my_team_with_poses/install/nav2_simple_commander:/home/wasiq/testing_model/my_team_with_poses/install/detection:/opt/ros/humble DEBUGINFOD_URLS=https://debuginfod.ubuntu.com PS1=${debian_chroot:+($debian_chroot)}\[\033[01;32m\]\u@\h\[\033[00m\]:\[\033[01;34m\]\w\[\033[00m\]\$ /home/wasiq/.local/bin/cmake --build /home/wasiq/testing_model/my_robotics_arm1/src/build/cpp_examples -- -j8 -l8
[18.841s] Invoking command in '/home/wasiq/testing_model/my_robotics_arm1/src/build/cpp_examples': CMAKE_PREFIX_PATH=${CMAKE_PREFIX_PATH}:/home/wasiq/testing_model/my_team_with_poses/install/teleop_twist_keyboard:/home/wasiq/testing_model/my_team_with_poses/install/nav2_simple_commander:/home/wasiq/testing_model/my_team_with_poses/install/detection:/opt/ros/humble DEBUGINFOD_URLS=https://debuginfod.ubuntu.com PS1=${debian_chroot:+($debian_chroot)}\[\033[01;32m\]\u@\h\[\033[00m\]:\[\033[01;34m\]\w\[\033[00m\]\$ /home/wasiq/.local/bin/cmake --install /home/wasiq/testing_model/my_robotics_arm1/src/build/cpp_examples
[18.877s] -- Install configuration: ""
[18.877s] -- Installing: /home/wasiq/testing_model/my_robotics_arm1/src/install/cpp_examples/lib/cpp_examples/pose_goal
[18.878s] -- Set runtime path of "/home/wasiq/testing_model/my_robotics_arm1/src/install/cpp_examples/lib/cpp_examples/pose_goal" to ""
[18.878s] -- Installing: /home/wasiq/testing_model/my_robotics_arm1/src/install/cpp_examples/lib/cpp_examples/joint_goal
[18.879s] -- Set runtime path of "/home/wasiq/testing_model/my_robotics_arm1/src/install/cpp_examples/lib/cpp_examples/joint_goal" to ""
[18.879s] -- Installing: /home/wasiq/testing_model/my_robotics_arm1/src/install/cpp_examples/lib/cpp_examples/cartesian_path
[18.880s] -- Set runtime path of "/home/wasiq/testing_model/my_robotics_arm1/src/install/cpp_examples/lib/cpp_examples/cartesian_path" to ""
[18.880s] -- Installing: /home/wasiq/testing_model/my_robotics_arm1/src/install/cpp_examples/lib/cpp_examples/named_goal
[18.881s] -- Set runtime path of "/home/wasiq/testing_model/my_robotics_arm1/src/install/cpp_examples/lib/cpp_examples/named_goal" to ""
[18.881s] -- Installing: /home/wasiq/testing_model/my_robotics_arm1/src/install/cpp_examples/lib/cpp_examples/gripper_open
[18.882s] -- Set runtime path of "/home/wasiq/testing_model/my_robotics_arm1/src/install/cpp_examples/lib/cpp_examples/gripper_open" to ""
[18.882s] -- Installing: /home/wasiq/testing_model/my_robotics_arm1/src/install/cpp_examples/lib/cpp_examples/gripper_joint_value
[18.882s] -- Set runtime path of "/home/wasiq/testing_model/my_robotics_arm1/src/install/cpp_examples/lib/cpp_examples/gripper_joint_value" to ""
[18.883s] -- Installing: /home/wasiq/testing_model/my_robotics_arm1/src/install/cpp_examples/share/ament_index/resource_index/package_run_dependencies/cpp_examples
[18.883s] -- Installing: /home/wasiq/testing_model/my_robotics_arm1/src/install/cpp_examples/share/ament_index/resource_index/parent_prefix_path/cpp_examples
[18.883s] -- Installing: /home/wasiq/testing_model/my_robotics_arm1/src/install/cpp_examples/share/cpp_examples/environment/ament_prefix_path.sh
[18.884s] -- Installing: /home/wasiq/testing_model/my_robotics_arm1/src/install/cpp_examples/share/cpp_examples/environment/ament_prefix_path.dsv
[18.884s] -- Installing: /home/wasiq/testing_model/my_robotics_arm1/src/install/cpp_examples/share/cpp_examples/environment/path.sh
[18.884s] -- Installing: /home/wasiq/testing_model/my_robotics_arm1/src/install/cpp_examples/share/cpp_examples/environment/path.dsv
[18.884s] -- Installing: /home/wasiq/testing_model/my_robotics_arm1/src/install/cpp_examples/share/cpp_examples/local_setup.bash
[18.885s] -- Installing: /home/wasiq/testing_model/my_robotics_arm1/src/install/cpp_examples/share/cpp_examples/local_setup.sh
[18.885s] -- Installing: /home/wasiq/testing_model/my_robotics_arm1/src/install/cpp_examples/share/cpp_examples/local_setup.zsh
[18.885s] -- Installing: /home/wasiq/testing_model/my_robotics_arm1/src/install/cpp_examples/share/cpp_examples/local_setup.dsv
[18.886s] -- Installing: /home/wasiq/testing_model/my_robotics_arm1/src/install/cpp_examples/share/cpp_examples/package.dsv
[18.886s] -- Installing: /home/wasiq/testing_model/my_robotics_arm1/src/install/cpp_examples/share/ament_index/resource_index/packages/cpp_examples
[18.886s] -- Installing: /home/wasiq/testing_model/my_robotics_arm1/src/install/cpp_examples/share/cpp_examples/cmake/cpp_examplesConfig.cmake
[18.887s] -- Installing: /home/wasiq/testing_model/my_robotics_arm1/src/install/cpp_examples/share/cpp_examples/cmake/cpp_examplesConfig-version.cmake
[18.887s] -- Installing: /home/wasiq/testing_model/my_robotics_arm1/src/install/cpp_examples/share/cpp_examples/package.xml
[18.894s] Invoked command in '/home/wasiq/testing_model/my_robotics_arm1/src/build/cpp_examples' returned '0': CMAKE_PREFIX_PATH=${CMAKE_PREFIX_PATH}:/home/wasiq/testing_model/my_team_with_poses/install/teleop_twist_keyboard:/home/wasiq/testing_model/my_team_with_poses/install/nav2_simple_commander:/home/wasiq/testing_model/my_team_with_poses/install/detection:/opt/ros/humble DEBUGINFOD_URLS=https://debuginfod.ubuntu.com PS1=${debian_chroot:+($debian_chroot)}\[\033[01;32m\]\u@\h\[\033[00m\]:\[\033[01;34m\]\w\[\033[00m\]\$ /home/wasiq/.local/bin/cmake --install /home/wasiq/testing_model/my_robotics_arm1/src/build/cpp_examples
